  Game.cpp
C:\Program Files (x86)\Windows Kits\10\Include\10.0.22621.0\um\winbase.h(7798,48): warning C5039: 'TpSetCallbackCleanupGroup': -EHc 아래의 'extern "C"' 함수로 전달되는 잠재적인 throw 함수에 대한 포인터 또는 참조입니다. 이 함수가 예외를 throw하는 경우 정의되지 않은 동작이 발생할 수 있습니다.
C:\Program Files (x86)\Windows Kits\10\Include\10.0.22621.0\um\winioctl.h(10847,22): warning C4668: '_WIN32_WINNT_WIN10_TH2'은(는) 전처리기 매크로로 정의되어 있지 않으므로 '#if/#elif'에 해당하는 '0'으로 바뀝니다.
C:\Program Files (x86)\Windows Kits\10\Include\10.0.22621.0\um\winioctl.h(10853,22): warning C4668: '_WIN32_WINNT_WIN10_RS1'은(는) 전처리기 매크로로 정의되어 있지 않으므로 '#if/#elif'에 해당하는 '0'으로 바뀝니다.
C:\Program Files (x86)\Windows Kits\10\Include\10.0.22621.0\um\winioctl.h(10858,22): warning C4668: '_WIN32_WINNT_WIN10_TH2'은(는) 전처리기 매크로로 정의되어 있지 않으므로 '#if/#elif'에 해당하는 '0'으로 바뀝니다.
C:\Program Files (x86)\Windows Kits\10\Include\10.0.22621.0\um\winioctl.h(10863,22): warning C4668: '_WIN32_WINNT_WIN10_TH2'은(는) 전처리기 매크로로 정의되어 있지 않으므로 '#if/#elif'에 해당하는 '0'으로 바뀝니다.
C:\Program Files (x86)\Windows Kits\10\Include\10.0.22621.0\um\winioctl.h(10870,22): warning C4668: '_WIN32_WINNT_WIN10_RS1'은(는) 전처리기 매크로로 정의되어 있지 않으므로 '#if/#elif'에 해당하는 '0'으로 바뀝니다.
C:\Program Files (x86)\Windows Kits\10\Include\10.0.22621.0\um\winioctl.h(10875,22): warning C4668: '_WIN32_WINNT_WIN10_RS2'은(는) 전처리기 매크로로 정의되어 있지 않으므로 '#if/#elif'에 해당하는 '0'으로 바뀝니다.
C:\Program Files (x86)\Windows Kits\10\Include\10.0.22621.0\um\winioctl.h(10886,22): warning C4668: '_WIN32_WINNT_WIN10_RS2'은(는) 전처리기 매크로로 정의되어 있지 않으므로 '#if/#elif'에 해당하는 '0'으로 바뀝니다.
C:\Program Files (x86)\Windows Kits\10\Include\10.0.22621.0\um\winioctl.h(10891,22): warning C4668: '_WIN32_WINNT_WIN10_TH2'은(는) 전처리기 매크로로 정의되어 있지 않으므로 '#if/#elif'에 해당하는 '0'으로 바뀝니다.
C:\Program Files (x86)\Windows Kits\10\Include\10.0.22621.0\um\winioctl.h(10897,22): warning C4668: '_WIN32_WINNT_WIN10_RS3'은(는) 전처리기 매크로로 정의되어 있지 않으므로 '#if/#elif'에 해당하는 '0'으로 바뀝니다.
C:\Program Files (x86)\Windows Kits\10\Include\10.0.22621.0\um\winioctl.h(10905,22): warning C4668: '_WIN32_WINNT_WIN10_RS4'은(는) 전처리기 매크로로 정의되어 있지 않으므로 '#if/#elif'에 해당하는 '0'으로 바뀝니다.
C:\Program Files (x86)\Windows Kits\10\Include\10.0.22621.0\um\winioctl.h(10909,22): warning C4668: '_WIN32_WINNT_WIN10_RS1'은(는) 전처리기 매크로로 정의되어 있지 않으므로 '#if/#elif'에 해당하는 '0'으로 바뀝니다.
C:\Program Files (x86)\Windows Kits\10\Include\10.0.22621.0\um\winioctl.h(10913,22): warning C4668: '_WIN32_WINNT_WIN10_RS4'은(는) 전처리기 매크로로 정의되어 있지 않으므로 '#if/#elif'에 해당하는 '0'으로 바뀝니다.
C:\Program Files (x86)\Windows Kits\10\Include\10.0.22621.0\um\winioctl.h(10918,22): warning C4668: '_WIN32_WINNT_WIN10_RS1'은(는) 전처리기 매크로로 정의되어 있지 않으므로 '#if/#elif'에 해당하는 '0'으로 바뀝니다.
C:\Program Files (x86)\Windows Kits\10\Include\10.0.22621.0\um\winioctl.h(10921,22): warning C4668: '_WIN32_WINNT_WIN10_RS5'은(는) 전처리기 매크로로 정의되어 있지 않으므로 '#if/#elif'에 해당하는 '0'으로 바뀝니다.
C:\Program Files (x86)\Windows Kits\10\Include\10.0.22621.0\um\winioctl.h(11158,22): warning C4668: '_WIN32_WINNT_WIN10_RS2'은(는) 전처리기 매크로로 정의되어 있지 않으므로 '#if/#elif'에 해당하는 '0'으로 바뀝니다.
C:\Program Files (x86)\Windows Kits\10\Include\10.0.22621.0\um\winioctl.h(11182,22): warning C4668: '_WIN32_WINNT_WIN10_RS5'은(는) 전처리기 매크로로 정의되어 있지 않으므로 '#if/#elif'에 해당하는 '0'으로 바뀝니다.
C:\Program Files (x86)\Windows Kits\10\Include\10.0.22621.0\um\winioctl.h(14705,22): warning C4668: '_WIN32_WINNT_WIN10_RS5'은(는) 전처리기 매크로로 정의되어 있지 않으므로 '#if/#elif'에 해당하는 '0'으로 바뀝니다.
C:\Program Files (x86)\Windows Kits\10\Include\10.0.22621.0\um\winioctl.h(14907,22): warning C4668: '_WIN32_WINNT_WIN10_RS5'은(는) 전처리기 매크로로 정의되어 있지 않으므로 '#if/#elif'에 해당하는 '0'으로 바뀝니다.
C:\Program Files (x86)\Windows Kits\10\Include\10.0.22621.0\um\winioctl.h(15010,22): warning C4668: '_WIN32_WINNT_WIN10_RS5'은(는) 전처리기 매크로로 정의되어 있지 않으므로 '#if/#elif'에 해당하는 '0'으로 바뀝니다.
C:\Program Files (x86)\Windows Kits\10\Include\10.0.22621.0\um\winioctl.h(15106,21): warning C4668: '_WIN32_WINNT_WIN10_RS5'은(는) 전처리기 매크로로 정의되어 있지 않으므로 '#if/#elif'에 해당하는 '0'으로 바뀝니다.
C:\Program Files (x86)\Windows Kits\10\Include\10.0.22621.0\um\winioctl.h(15210,22): warning C4668: '_WIN32_WINNT_WIN10_RS5'은(는) 전처리기 매크로로 정의되어 있지 않으므로 '#if/#elif'에 해당하는 '0'으로 바뀝니다.
C:\Program Files (x86)\Windows Kits\10\Include\10.0.22621.0\um\winioctl.h(15954,23): warning C4668: '_WIN32_WINNT_WIN10_RS2'은(는) 전처리기 매크로로 정의되어 있지 않으므로 '#if/#elif'에 해당하는 '0'으로 바뀝니다.
C:\Program Files (x86)\Windows Kits\10\Include\10.0.22621.0\um\winioctl.h(16042,22): warning C4668: '_WIN32_WINNT_WIN10_RS2'은(는) 전처리기 매크로로 정의되어 있지 않으므로 '#if/#elif'에 해당하는 '0'으로 바뀝니다.
C:\Program Files (x86)\Windows Kits\10\Include\10.0.22621.0\um\winioctl.h(16168,22): warning C4668: '_WIN32_WINNT_WIN10_RS3'은(는) 전처리기 매크로로 정의되어 있지 않으므로 '#if/#elif'에 해당하는 '0'으로 바뀝니다.
C:\Program Files (x86)\Windows Kits\10\Include\10.0.22621.0\um\winioctl.h(16317,22): warning C4668: '_WIN32_WINNT_WIN10_RS4'은(는) 전처리기 매크로로 정의되어 있지 않으므로 '#if/#elif'에 해당하는 '0'으로 바뀝니다.
C:\Program Files (x86)\Windows Kits\10\Include\10.0.22621.0\um\winioctl.h(16330,22): warning C4668: '_WIN32_WINNT_WIN10_RS4'은(는) 전처리기 매크로로 정의되어 있지 않으므로 '#if/#elif'에 해당하는 '0'으로 바뀝니다.
C:\Program Files (x86)\Windows Kits\10\Include\10.0.22621.0\um\winioctl.h(16559,22): warning C4668: '_WIN32_WINNT_WIN10_RS1'은(는) 전처리기 매크로로 정의되어 있지 않으므로 '#if/#elif'에 해당하는 '0'으로 바뀝니다.
C:\Program Files (x86)\Windows Kits\10\Include\10.0.22621.0\shared\dxgi.h(182,30): warning C4820: 'DXGI_FRAME_STATISTICS': '4'바이트 채움 문자가 데이터 멤버 'DXGI_FRAME_STATISTICS::SyncRefreshCount' 뒤에 추가되었습니다.
C:\Program Files (x86)\Windows Kits\10\Include\10.0.22621.0\shared\dxgi.h(189,16): warning C4820: 'DXGI_MAPPED_RECT': '4'바이트 채움 문자가 데이터 멤버 'DXGI_MAPPED_RECT::Pitch' 뒤에 추가되었습니다.
C:\Program Files (x86)\Windows Kits\10\Include\10.0.22621.0\shared\dxgi.h(299,22): warning C4820: 'DXGI_SWAP_CHAIN_DESC': '4'바이트 채움 문자가 데이터 멤버 'DXGI_SWAP_CHAIN_DESC::BufferCount' 뒤에 추가되었습니다.
C:\Program Files (x86)\Windows Kits\10\Include\10.0.22621.0\shared\dxgi.h(303,5): warning C4820: 'DXGI_SWAP_CHAIN_DESC': '4'바이트 채움 문자가 데이터 멤버 'DXGI_SWAP_CHAIN_DESC::Flags' 뒤에 추가되었습니다.
C:\Program Files (x86)\Windows Kits\10\Include\10.0.22621.0\shared\dxgi.h(2528,5): warning C4820: 'DXGI_ADAPTER_DESC1': '4'바이트 채움 문자가 데이터 멤버 'DXGI_ADAPTER_DESC1::Flags' 뒤에 추가되었습니다.
C:\Program Files (x86)\Windows Kits\10\Include\10.0.22621.0\shared\dxgi1_2.h(1286,62): warning C4820: 'DXGI_PRESENT_PARAMETERS': '4'바이트 채움 문자가 데이터 멤버 'DXGI_PRESENT_PARAMETERS::DirtyRectsCount' 뒤에 추가되었습니다.
C:\Program Files (x86)\Windows Kits\10\Include\10.0.22621.0\shared\dxgi1_2.h(2119,5): warning C4820: 'DXGI_ADAPTER_DESC2': '4'바이트 채움 문자가 데이터 멤버 'DXGI_ADAPTER_DESC2::ComputePreemptionGranularity' 뒤에 추가되었습니다.
C:\Program Files (x86)\Windows Kits\10\Include\10.0.22621.0\shared\dxgi1_3.h(1796,30): warning C4820: 'DXGI_FRAME_STATISTICS_MEDIA': '4'바이트 채움 문자가 데이터 멤버 'DXGI_FRAME_STATISTICS_MEDIA::SyncRefreshCount' 뒤에 추가되었습니다.
C:\Program Files (x86)\Windows Kits\10\Include\10.0.22621.0\um\d3d11.h(1121,24): warning C4820: 'D3D11_SO_DECLARATION_ENTRY': '4'바이트 채움 문자가 데이터 멤버 'D3D11_SO_DECLARATION_ENTRY::Stream' 뒤에 추가되었습니다.
C:\Program Files (x86)\Windows Kits\10\Include\10.0.22621.0\um\d3d11.h(1126,5): warning C4820: 'D3D11_SO_DECLARATION_ENTRY': '1'바이트 채움 문자가 데이터 멤버 'D3D11_SO_DECLARATION_ENTRY::OutputSlot' 뒤에 추가되었습니다.
C:\Program Files (x86)\Windows Kits\10\Include\10.0.22621.0\um\d3d11.h(1358,1): warning C4365: '=': 'LONG'에서 'UINT'(으)로의 변환입니다. signed 또는 unsigned가 일치하지 않습니다.
C:\Program Files (x86)\Windows Kits\10\Include\10.0.22621.0\um\d3d11.h(1359,1): warning C4365: '=': 'LONG'에서 'UINT'(으)로의 변환입니다. signed 또는 unsigned가 일치하지 않습니다.
C:\Program Files (x86)\Windows Kits\10\Include\10.0.22621.0\um\d3d11.h(1360,1): warning C4365: '=': 'LONG'에서 'UINT'(으)로의 변환입니다. signed 또는 unsigned가 일치하지 않습니다.
C:\Program Files (x86)\Windows Kits\10\Include\10.0.22621.0\um\d3d11.h(1361,1): warning C4365: '=': 'LONG'에서 'UINT'(으)로의 변환입니다. signed 또는 unsigned가 일치하지 않습니다.
C:\Program Files (x86)\Windows Kits\10\Include\10.0.22621.0\um\d3d11.h(1362,1): warning C4365: '=': 'LONG'에서 'UINT'(으)로의 변환입니다. signed 또는 unsigned가 일치하지 않습니다.
C:\Program Files (x86)\Windows Kits\10\Include\10.0.22621.0\um\d3d11.h(1363,1): warning C4365: '=': 'LONG'에서 'UINT'(으)로의 변환입니다. signed 또는 unsigned가 일치하지 않습니다.
C:\Program Files (x86)\Windows Kits\10\Include\10.0.22621.0\um\d3d11.h(1580,41): warning C4820: 'D3D11_DEPTH_STENCIL_DESC': '2'바이트 채움 문자가 데이터 멤버 'D3D11_DEPTH_STENCIL_DESC::StencilWriteMask' 뒤에 추가되었습니다.
C:\Program Files (x86)\Windows Kits\10\Include\10.0.22621.0\um\d3d11.h(1833,5): warning C4820: 'D3D11_RENDER_TARGET_BLEND_DESC': '3'바이트 채움 문자가 데이터 멤버 'D3D11_RENDER_TARGET_BLEND_DESC::RenderTargetWriteMask' 뒤에 추가되었습니다.
C:\Program Files (x86)\Windows Kits\10\Include\10.0.22621.0\um\d3d11.h(3571,1): warning C4061: 열거형 'D3D_SRV_DIMENSION'의 switch에 있는 'D3D_SRV_DIMENSION_UNKNOWN' 열거자는 case 레이블에 의해 명시적으로 처리되지 않습니다.
C:\Program Files (x86)\Windows Kits\10\Include\10.0.22621.0\um\d3dcommon.h(311): message : 'D3D_SRV_DIMENSION' 선언을 참조하십시오.
C:\Program Files (x86)\Windows Kits\10\Include\10.0.22621.0\um\d3d11.h(3571,1): warning C4061: 열거형 'D3D_SRV_DIMENSION'의 switch에 있는 'D3D10_SRV_DIMENSION_UNKNOWN' 열거자는 case 레이블에 의해 명시적으로 처리되지 않습니다.
C:\Program Files (x86)\Windows Kits\10\Include\10.0.22621.0\um\d3dcommon.h(311): message : 'D3D_SRV_DIMENSION' 선언을 참조하십시오.
C:\Program Files (x86)\Windows Kits\10\Include\10.0.22621.0\um\d3d11.h(3571,1): warning C4061: 열거형 'D3D_SRV_DIMENSION'의 switch에 있는 'D3D10_1_SRV_DIMENSION_UNKNOWN' 열거자는 case 레이블에 의해 명시적으로 처리되지 않습니다.
C:\Program Files (x86)\Windows Kits\10\Include\10.0.22621.0\um\d3dcommon.h(311): message : 'D3D_SRV_DIMENSION' 선언을 참조하십시오.
C:\Program Files (x86)\Windows Kits\10\Include\10.0.22621.0\um\d3d11.h(3571,1): warning C4061: 열거형 'D3D_SRV_DIMENSION'의 switch에 있는 'D3D11_SRV_DIMENSION_UNKNOWN' 열거자는 case 레이블에 의해 명시적으로 처리되지 않습니다.
C:\Program Files (x86)\Windows Kits\10\Include\10.0.22621.0\um\d3dcommon.h(311): message : 'D3D_SRV_DIMENSION' 선언을 참조하십시오.
C:\Program Files (x86)\Windows Kits\10\Include\10.0.22621.0\um\d3d11.h(3619,1): warning C4061: 열거형 'D3D_SRV_DIMENSION'의 switch에 있는 'D3D_SRV_DIMENSION_UNKNOWN' 열거자는 case 레이블에 의해 명시적으로 처리되지 않습니다.
C:\Program Files (x86)\Windows Kits\10\Include\10.0.22621.0\um\d3dcommon.h(311): message : 'D3D_SRV_DIMENSION' 선언을 참조하십시오.
C:\Program Files (x86)\Windows Kits\10\Include\10.0.22621.0\um\d3d11.h(3619,1): warning C4061: 열거형 'D3D_SRV_DIMENSION'의 switch에 있는 'D3D_SRV_DIMENSION_BUFFER' 열거자는 case 레이블에 의해 명시적으로 처리되지 않습니다.
C:\Program Files (x86)\Windows Kits\10\Include\10.0.22621.0\um\d3dcommon.h(311): message : 'D3D_SRV_DIMENSION' 선언을 참조하십시오.
C:\Program Files (x86)\Windows Kits\10\Include\10.0.22621.0\um\d3d11.h(3619,1): warning C4061: 열거형 'D3D_SRV_DIMENSION'의 switch에 있는 'D3D_SRV_DIMENSION_TEXTURE2D' 열거자는 case 레이블에 의해 명시적으로 처리되지 않습니다.
C:\Program Files (x86)\Windows Kits\10\Include\10.0.22621.0\um\d3dcommon.h(311): message : 'D3D_SRV_DIMENSION' 선언을 참조하십시오.
C:\Program Files (x86)\Windows Kits\10\Include\10.0.22621.0\um\d3d11.h(3619,1): warning C4061: 열거형 'D3D_SRV_DIMENSION'의 switch에 있는 'D3D_SRV_DIMENSION_TEXTURE2DARRAY' 열거자는 case 레이블에 의해 명시적으로 처리되지 않습니다.
C:\Program Files (x86)\Windows Kits\10\Include\10.0.22621.0\um\d3dcommon.h(311): message : 'D3D_SRV_DIMENSION' 선언을 참조하십시오.
C:\Program Files (x86)\Windows Kits\10\Include\10.0.22621.0\um\d3d11.h(3619,1): warning C4061: 열거형 'D3D_SRV_DIMENSION'의 switch에 있는 'D3D_SRV_DIMENSION_TEXTURE2DMS' 열거자는 case 레이블에 의해 명시적으로 처리되지 않습니다.
C:\Program Files (x86)\Windows Kits\10\Include\10.0.22621.0\um\d3dcommon.h(311): message : 'D3D_SRV_DIMENSION' 선언을 참조하십시오.
C:\Program Files (x86)\Windows Kits\10\Include\10.0.22621.0\um\d3d11.h(3619,1): warning C4061: 열거형 'D3D_SRV_DIMENSION'의 switch에 있는 'D3D_SRV_DIMENSION_TEXTURE2DMSARRAY' 열거자는 case 레이블에 의해 명시적으로 처리되지 않습니다.
C:\Program Files (x86)\Windows Kits\10\Include\10.0.22621.0\um\d3dcommon.h(311): message : 'D3D_SRV_DIMENSION' 선언을 참조하십시오.
C:\Program Files (x86)\Windows Kits\10\Include\10.0.22621.0\um\d3d11.h(3619,1): warning C4061: 열거형 'D3D_SRV_DIMENSION'의 switch에 있는 'D3D_SRV_DIMENSION_TEXTURE3D' 열거자는 case 레이블에 의해 명시적으로 처리되지 않습니다.
C:\Program Files (x86)\Windows Kits\10\Include\10.0.22621.0\um\d3dcommon.h(311): message : 'D3D_SRV_DIMENSION' 선언을 참조하십시오.
C:\Program Files (x86)\Windows Kits\10\Include\10.0.22621.0\um\d3d11.h(3619,1): warning C4061: 열거형 'D3D_SRV_DIMENSION'의 switch에 있는 'D3D_SRV_DIMENSION_TEXTURECUBE' 열거자는 case 레이블에 의해 명시적으로 처리되지 않습니다.
C:\Program Files (x86)\Windows Kits\10\Include\10.0.22621.0\um\d3dcommon.h(311): message : 'D3D_SRV_DIMENSION' 선언을 참조하십시오.
C:\Program Files (x86)\Windows Kits\10\Include\10.0.22621.0\um\d3d11.h(3619,1): warning C4061: 열거형 'D3D_SRV_DIMENSION'의 switch에 있는 'D3D_SRV_DIMENSION_TEXTURECUBEARRAY' 열거자는 case 레이블에 의해 명시적으로 처리되지 않습니다.
C:\Program Files (x86)\Windows Kits\10\Include\10.0.22621.0\um\d3dcommon.h(311): message : 'D3D_SRV_DIMENSION' 선언을 참조하십시오.
C:\Program Files (x86)\Windows Kits\10\Include\10.0.22621.0\um\d3d11.h(3619,1): warning C4061: 열거형 'D3D_SRV_DIMENSION'의 switch에 있는 'D3D_SRV_DIMENSION_BUFFEREX' 열거자는 case 레이블에 의해 명시적으로 처리되지 않습니다.
C:\Program Files (x86)\Windows Kits\10\Include\10.0.22621.0\um\d3dcommon.h(311): message : 'D3D_SRV_DIMENSION' 선언을 참조하십시오.
C:\Program Files (x86)\Windows Kits\10\Include\10.0.22621.0\um\d3d11.h(3619,1): warning C4061: 열거형 'D3D_SRV_DIMENSION'의 switch에 있는 'D3D10_SRV_DIMENSION_UNKNOWN' 열거자는 case 레이블에 의해 명시적으로 처리되지 않습니다.
C:\Program Files (x86)\Windows Kits\10\Include\10.0.22621.0\um\d3dcommon.h(311): message : 'D3D_SRV_DIMENSION' 선언을 참조하십시오.
C:\Program Files (x86)\Windows Kits\10\Include\10.0.22621.0\um\d3d11.h(3619,1): warning C4061: 열거형 'D3D_SRV_DIMENSION'의 switch에 있는 'D3D10_SRV_DIMENSION_BUFFER' 열거자는 case 레이블에 의해 명시적으로 처리되지 않습니다.
C:\Program Files (x86)\Windows Kits\10\Include\10.0.22621.0\um\d3dcommon.h(311): message : 'D3D_SRV_DIMENSION' 선언을 참조하십시오.
C:\Program Files (x86)\Windows Kits\10\Include\10.0.22621.0\um\d3d11.h(3619,1): warning C4061: 열거형 'D3D_SRV_DIMENSION'의 switch에 있는 'D3D10_SRV_DIMENSION_TEXTURE2D' 열거자는 case 레이블에 의해 명시적으로 처리되지 않습니다.
C:\Program Files (x86)\Windows Kits\10\Include\10.0.22621.0\um\d3dcommon.h(311): message : 'D3D_SRV_DIMENSION' 선언을 참조하십시오.
C:\Program Files (x86)\Windows Kits\10\Include\10.0.22621.0\um\d3d11.h(3619,1): warning C4061: 열거형 'D3D_SRV_DIMENSION'의 switch에 있는 'D3D10_SRV_DIMENSION_TEXTURE2DARRAY' 열거자는 case 레이블에 의해 명시적으로 처리되지 않습니다.
C:\Program Files (x86)\Windows Kits\10\Include\10.0.22621.0\um\d3dcommon.h(311): message : 'D3D_SRV_DIMENSION' 선언을 참조하십시오.
C:\Program Files (x86)\Windows Kits\10\Include\10.0.22621.0\um\d3d11.h(3619,1): warning C4061: 열거형 'D3D_SRV_DIMENSION'의 switch에 있는 'D3D10_SRV_DIMENSION_TEXTURE2DMS' 열거자는 case 레이블에 의해 명시적으로 처리되지 않습니다.
C:\Program Files (x86)\Windows Kits\10\Include\10.0.22621.0\um\d3dcommon.h(311): message : 'D3D_SRV_DIMENSION' 선언을 참조하십시오.
C:\Program Files (x86)\Windows Kits\10\Include\10.0.22621.0\um\d3d11.h(3619,1): warning C4061: 열거형 'D3D_SRV_DIMENSION'의 switch에 있는 'D3D10_SRV_DIMENSION_TEXTURE2DMSARRAY' 열거자는 case 레이블에 의해 명시적으로 처리되지 않습니다.
C:\Program Files (x86)\Windows Kits\10\Include\10.0.22621.0\um\d3dcommon.h(311): message : 'D3D_SRV_DIMENSION' 선언을 참조하십시오.
C:\Program Files (x86)\Windows Kits\10\Include\10.0.22621.0\um\d3d11.h(3619,1): warning C4061: 열거형 'D3D_SRV_DIMENSION'의 switch에 있는 'D3D10_SRV_DIMENSION_TEXTURE3D' 열거자는 case 레이블에 의해 명시적으로 처리되지 않습니다.
C:\Program Files (x86)\Windows Kits\10\Include\10.0.22621.0\um\d3dcommon.h(311): message : 'D3D_SRV_DIMENSION' 선언을 참조하십시오.
C:\Program Files (x86)\Windows Kits\10\Include\10.0.22621.0\um\d3d11.h(3619,1): warning C4061: 열거형 'D3D_SRV_DIMENSION'의 switch에 있는 'D3D10_SRV_DIMENSION_TEXTURECUBE' 열거자는 case 레이블에 의해 명시적으로 처리되지 않습니다.
C:\Program Files (x86)\Windows Kits\10\Include\10.0.22621.0\um\d3dcommon.h(311): message : 'D3D_SRV_DIMENSION' 선언을 참조하십시오.
C:\Program Files (x86)\Windows Kits\10\Include\10.0.22621.0\um\d3d11.h(3619,1): warning C4061: 열거형 'D3D_SRV_DIMENSION'의 switch에 있는 'D3D10_1_SRV_DIMENSION_UNKNOWN' 열거자는 case 레이블에 의해 명시적으로 처리되지 않습니다.
C:\Program Files (x86)\Windows Kits\10\Include\10.0.22621.0\um\d3dcommon.h(311): message : 'D3D_SRV_DIMENSION' 선언을 참조하십시오.
C:\Program Files (x86)\Windows Kits\10\Include\10.0.22621.0\um\d3d11.h(3619,1): warning C4061: 열거형 'D3D_SRV_DIMENSION'의 switch에 있는 'D3D10_1_SRV_DIMENSION_BUFFER' 열거자는 case 레이블에 의해 명시적으로 처리되지 않습니다.
C:\Program Files (x86)\Windows Kits\10\Include\10.0.22621.0\um\d3dcommon.h(311): message : 'D3D_SRV_DIMENSION' 선언을 참조하십시오.
C:\Program Files (x86)\Windows Kits\10\Include\10.0.22621.0\um\d3d11.h(3619,1): warning C4061: 열거형 'D3D_SRV_DIMENSION'의 switch에 있는 'D3D10_1_SRV_DIMENSION_TEXTURE2D' 열거자는 case 레이블에 의해 명시적으로 처리되지 않습니다.
C:\Program Files (x86)\Windows Kits\10\Include\10.0.22621.0\um\d3dcommon.h(311): message : 'D3D_SRV_DIMENSION' 선언을 참조하십시오.
C:\Program Files (x86)\Windows Kits\10\Include\10.0.22621.0\um\d3d11.h(3619,1): warning C4061: 열거형 'D3D_SRV_DIMENSION'의 switch에 있는 'D3D10_1_SRV_DIMENSION_TEXTURE2DARRAY' 열거자는 case 레이블에 의해 명시적으로 처리되지 않습니다.
C:\Program Files (x86)\Windows Kits\10\Include\10.0.22621.0\um\d3dcommon.h(311): message : 'D3D_SRV_DIMENSION' 선언을 참조하십시오.
C:\Program Files (x86)\Windows Kits\10\Include\10.0.22621.0\um\d3d11.h(3619,1): warning C4061: 열거형 'D3D_SRV_DIMENSION'의 switch에 있는 'D3D10_1_SRV_DIMENSION_TEXTURE2DMS' 열거자는 case 레이블에 의해 명시적으로 처리되지 않습니다.
C:\Program Files (x86)\Windows Kits\10\Include\10.0.22621.0\um\d3dcommon.h(311): message : 'D3D_SRV_DIMENSION' 선언을 참조하십시오.
C:\Program Files (x86)\Windows Kits\10\Include\10.0.22621.0\um\d3d11.h(3619,1): warning C4061: 열거형 'D3D_SRV_DIMENSION'의 switch에 있는 'D3D10_1_SRV_DIMENSION_TEXTURE2DMSARRAY' 열거자는 case 레이블에 의해 명시적으로 처리되지 않습니다.
C:\Program Files (x86)\Windows Kits\10\Include\10.0.22621.0\um\d3dcommon.h(311): message : 'D3D_SRV_DIMENSION' 선언을 참조하십시오.
C:\Program Files (x86)\Windows Kits\10\Include\10.0.22621.0\um\d3d11.h(3619,1): warning C4061: 열거형 'D3D_SRV_DIMENSION'의 switch에 있는 'D3D10_1_SRV_DIMENSION_TEXTURE3D' 열거자는 case 레이블에 의해 명시적으로 처리되지 않습니다.
C:\Program Files (x86)\Windows Kits\10\Include\10.0.22621.0\um\d3dcommon.h(311): message : 'D3D_SRV_DIMENSION' 선언을 참조하십시오.
C:\Program Files (x86)\Windows Kits\10\Include\10.0.22621.0\um\d3d11.h(3619,1): warning C4061: 열거형 'D3D_SRV_DIMENSION'의 switch에 있는 'D3D10_1_SRV_DIMENSION_TEXTURECUBE' 열거자는 case 레이블에 의해 명시적으로 처리되지 않습니다.
C:\Program Files (x86)\Windows Kits\10\Include\10.0.22621.0\um\d3dcommon.h(311): message : 'D3D_SRV_DIMENSION' 선언을 참조하십시오.
C:\Program Files (x86)\Windows Kits\10\Include\10.0.22621.0\um\d3d11.h(3619,1): warning C4061: 열거형 'D3D_SRV_DIMENSION'의 switch에 있는 'D3D10_1_SRV_DIMENSION_TEXTURECUBEARRAY' 열거자는 case 레이블에 의해 명시적으로 처리되지 않습니다.
C:\Program Files (x86)\Windows Kits\10\Include\10.0.22621.0\um\d3dcommon.h(311): message : 'D3D_SRV_DIMENSION' 선언을 참조하십시오.
C:\Program Files (x86)\Windows Kits\10\Include\10.0.22621.0\um\d3d11.h(3619,1): warning C4061: 열거형 'D3D_SRV_DIMENSION'의 switch에 있는 'D3D11_SRV_DIMENSION_UNKNOWN' 열거자는 case 레이블에 의해 명시적으로 처리되지 않습니다.
C:\Program Files (x86)\Windows Kits\10\Include\10.0.22621.0\um\d3dcommon.h(311): message : 'D3D_SRV_DIMENSION' 선언을 참조하십시오.
C:\Program Files (x86)\Windows Kits\10\Include\10.0.22621.0\um\d3d11.h(3619,1): warning C4061: 열거형 'D3D_SRV_DIMENSION'의 switch에 있는 'D3D11_SRV_DIMENSION_BUFFER' 열거자는 case 레이블에 의해 명시적으로 처리되지 않습니다.
C:\Program Files (x86)\Windows Kits\10\Include\10.0.22621.0\um\d3dcommon.h(311): message : 'D3D_SRV_DIMENSION' 선언을 참조하십시오.
C:\Program Files (x86)\Windows Kits\10\Include\10.0.22621.0\um\d3d11.h(3619,1): warning C4061: 열거형 'D3D_SRV_DIMENSION'의 switch에 있는 'D3D11_SRV_DIMENSION_TEXTURE2D' 열거자는 case 레이블에 의해 명시적으로 처리되지 않습니다.
C:\Program Files (x86)\Windows Kits\10\Include\10.0.22621.0\um\d3dcommon.h(311): message : 'D3D_SRV_DIMENSION' 선언을 참조하십시오.
C:\Program Files (x86)\Windows Kits\10\Include\10.0.22621.0\um\d3d11.h(3619,1): warning C4061: 열거형 'D3D_SRV_DIMENSION'의 switch에 있는 'D3D11_SRV_DIMENSION_TEXTURE2DARRAY' 열거자는 case 레이블에 의해 명시적으로 처리되지 않습니다.
C:\Program Files (x86)\Windows Kits\10\Include\10.0.22621.0\um\d3dcommon.h(311): message : 'D3D_SRV_DIMENSION' 선언을 참조하십시오.
C:\Program Files (x86)\Windows Kits\10\Include\10.0.22621.0\um\d3d11.h(3619,1): warning C4061: 열거형 'D3D_SRV_DIMENSION'의 switch에 있는 'D3D11_SRV_DIMENSION_TEXTURE2DMS' 열거자는 case 레이블에 의해 명시적으로 처리되지 않습니다.
C:\Program Files (x86)\Windows Kits\10\Include\10.0.22621.0\um\d3dcommon.h(311): message : 'D3D_SRV_DIMENSION' 선언을 참조하십시오.
C:\Program Files (x86)\Windows Kits\10\Include\10.0.22621.0\um\d3d11.h(3619,1): warning C4061: 열거형 'D3D_SRV_DIMENSION'의 switch에 있는 'D3D11_SRV_DIMENSION_TEXTURE2DMSARRAY' 열거자는 case 레이블에 의해 명시적으로 처리되지 않습니다.
C:\Program Files (x86)\Windows Kits\10\Include\10.0.22621.0\um\d3dcommon.h(311): message : 'D3D_SRV_DIMENSION' 선언을 참조하십시오.
C:\Program Files (x86)\Windows Kits\10\Include\10.0.22621.0\um\d3d11.h(3619,1): warning C4061: 열거형 'D3D_SRV_DIMENSION'의 switch에 있는 'D3D11_SRV_DIMENSION_TEXTURE3D' 열거자는 case 레이블에 의해 명시적으로 처리되지 않습니다.
C:\Program Files (x86)\Windows Kits\10\Include\10.0.22621.0\um\d3dcommon.h(311): message : 'D3D_SRV_DIMENSION' 선언을 참조하십시오.
C:\Program Files (x86)\Windows Kits\10\Include\10.0.22621.0\um\d3d11.h(3619,1): warning C4061: 열거형 'D3D_SRV_DIMENSION'의 switch에 있는 'D3D11_SRV_DIMENSION_TEXTURECUBE' 열거자는 case 레이블에 의해 명시적으로 처리되지 않습니다.
C:\Program Files (x86)\Windows Kits\10\Include\10.0.22621.0\um\d3dcommon.h(311): message : 'D3D_SRV_DIMENSION' 선언을 참조하십시오.
C:\Program Files (x86)\Windows Kits\10\Include\10.0.22621.0\um\d3d11.h(3619,1): warning C4061: 열거형 'D3D_SRV_DIMENSION'의 switch에 있는 'D3D11_SRV_DIMENSION_TEXTURECUBEARRAY' 열거자는 case 레이블에 의해 명시적으로 처리되지 않습니다.
C:\Program Files (x86)\Windows Kits\10\Include\10.0.22621.0\um\d3dcommon.h(311): message : 'D3D_SRV_DIMENSION' 선언을 참조하십시오.
C:\Program Files (x86)\Windows Kits\10\Include\10.0.22621.0\um\d3d11.h(3619,1): warning C4061: 열거형 'D3D_SRV_DIMENSION'의 switch에 있는 'D3D11_SRV_DIMENSION_BUFFEREX' 열거자는 case 레이블에 의해 명시적으로 처리되지 않습니다.
C:\Program Files (x86)\Windows Kits\10\Include\10.0.22621.0\um\d3dcommon.h(311): message : 'D3D_SRV_DIMENSION' 선언을 참조하십시오.
C:\Program Files (x86)\Windows Kits\10\Include\10.0.22621.0\um\d3d11.h(3680,1): warning C4061: 열거형 'D3D_SRV_DIMENSION'의 switch에 있는 'D3D_SRV_DIMENSION_UNKNOWN' 열거자는 case 레이블에 의해 명시적으로 처리되지 않습니다.
C:\Program Files (x86)\Windows Kits\10\Include\10.0.22621.0\um\d3dcommon.h(311): message : 'D3D_SRV_DIMENSION' 선언을 참조하십시오.
C:\Program Files (x86)\Windows Kits\10\Include\10.0.22621.0\um\d3d11.h(3680,1): warning C4061: 열거형 'D3D_SRV_DIMENSION'의 switch에 있는 'D3D_SRV_DIMENSION_BUFFER' 열거자는 case 레이블에 의해 명시적으로 처리되지 않습니다.
C:\Program Files (x86)\Windows Kits\10\Include\10.0.22621.0\um\d3dcommon.h(311): message : 'D3D_SRV_DIMENSION' 선언을 참조하십시오.
C:\Program Files (x86)\Windows Kits\10\Include\10.0.22621.0\um\d3d11.h(3680,1): warning C4061: 열거형 'D3D_SRV_DIMENSION'의 switch에 있는 'D3D_SRV_DIMENSION_TEXTURE1D' 열거자는 case 레이블에 의해 명시적으로 처리되지 않습니다.
C:\Program Files (x86)\Windows Kits\10\Include\10.0.22621.0\um\d3dcommon.h(311): message : 'D3D_SRV_DIMENSION' 선언을 참조하십시오.
C:\Program Files (x86)\Windows Kits\10\Include\10.0.22621.0\um\d3d11.h(3680,1): warning C4061: 열거형 'D3D_SRV_DIMENSION'의 switch에 있는 'D3D_SRV_DIMENSION_TEXTURE1DARRAY' 열거자는 case 레이블에 의해 명시적으로 처리되지 않습니다.
C:\Program Files (x86)\Windows Kits\10\Include\10.0.22621.0\um\d3dcommon.h(311): message : 'D3D_SRV_DIMENSION' 선언을 참조하십시오.
C:\Program Files (x86)\Windows Kits\10\Include\10.0.22621.0\um\d3d11.h(3680,1): warning C4061: 열거형 'D3D_SRV_DIMENSION'의 switch에 있는 'D3D_SRV_DIMENSION_TEXTURE3D' 열거자는 case 레이블에 의해 명시적으로 처리되지 않습니다.
C:\Program Files (x86)\Windows Kits\10\Include\10.0.22621.0\um\d3dcommon.h(311): message : 'D3D_SRV_DIMENSION' 선언을 참조하십시오.
C:\Program Files (x86)\Windows Kits\10\Include\10.0.22621.0\um\d3d11.h(3680,1): warning C4061: 열거형 'D3D_SRV_DIMENSION'의 switch에 있는 'D3D_SRV_DIMENSION_BUFFEREX' 열거자는 case 레이블에 의해 명시적으로 처리되지 않습니다.
C:\Program Files (x86)\Windows Kits\10\Include\10.0.22621.0\um\d3dcommon.h(311): message : 'D3D_SRV_DIMENSION' 선언을 참조하십시오.
C:\Program Files (x86)\Windows Kits\10\Include\10.0.22621.0\um\d3d11.h(3680,1): warning C4061: 열거형 'D3D_SRV_DIMENSION'의 switch에 있는 'D3D10_SRV_DIMENSION_UNKNOWN' 열거자는 case 레이블에 의해 명시적으로 처리되지 않습니다.
C:\Program Files (x86)\Windows Kits\10\Include\10.0.22621.0\um\d3dcommon.h(311): message : 'D3D_SRV_DIMENSION' 선언을 참조하십시오.
C:\Program Files (x86)\Windows Kits\10\Include\10.0.22621.0\um\d3d11.h(3680,1): warning C4061: 열거형 'D3D_SRV_DIMENSION'의 switch에 있는 'D3D10_SRV_DIMENSION_BUFFER' 열거자는 case 레이블에 의해 명시적으로 처리되지 않습니다.
C:\Program Files (x86)\Windows Kits\10\Include\10.0.22621.0\um\d3dcommon.h(311): message : 'D3D_SRV_DIMENSION' 선언을 참조하십시오.
C:\Program Files (x86)\Windows Kits\10\Include\10.0.22621.0\um\d3d11.h(3680,1): warning C4061: 열거형 'D3D_SRV_DIMENSION'의 switch에 있는 'D3D10_SRV_DIMENSION_TEXTURE1D' 열거자는 case 레이블에 의해 명시적으로 처리되지 않습니다.
C:\Program Files (x86)\Windows Kits\10\Include\10.0.22621.0\um\d3dcommon.h(311): message : 'D3D_SRV_DIMENSION' 선언을 참조하십시오.
C:\Program Files (x86)\Windows Kits\10\Include\10.0.22621.0\um\d3d11.h(3680,1): warning C4061: 열거형 'D3D_SRV_DIMENSION'의 switch에 있는 'D3D10_SRV_DIMENSION_TEXTURE1DARRAY' 열거자는 case 레이블에 의해 명시적으로 처리되지 않습니다.
C:\Program Files (x86)\Windows Kits\10\Include\10.0.22621.0\um\d3dcommon.h(311): message : 'D3D_SRV_DIMENSION' 선언을 참조하십시오.
C:\Program Files (x86)\Windows Kits\10\Include\10.0.22621.0\um\d3d11.h(3680,1): warning C4061: 열거형 'D3D_SRV_DIMENSION'의 switch에 있는 'D3D10_SRV_DIMENSION_TEXTURE3D' 열거자는 case 레이블에 의해 명시적으로 처리되지 않습니다.
C:\Program Files (x86)\Windows Kits\10\Include\10.0.22621.0\um\d3dcommon.h(311): message : 'D3D_SRV_DIMENSION' 선언을 참조하십시오.
C:\Program Files (x86)\Windows Kits\10\Include\10.0.22621.0\um\d3d11.h(3680,1): warning C4061: 열거형 'D3D_SRV_DIMENSION'의 switch에 있는 'D3D10_1_SRV_DIMENSION_UNKNOWN' 열거자는 case 레이블에 의해 명시적으로 처리되지 않습니다.
C:\Program Files (x86)\Windows Kits\10\Include\10.0.22621.0\um\d3dcommon.h(311): message : 'D3D_SRV_DIMENSION' 선언을 참조하십시오.
C:\Program Files (x86)\Windows Kits\10\Include\10.0.22621.0\um\d3d11.h(3680,1): warning C4061: 열거형 'D3D_SRV_DIMENSION'의 switch에 있는 'D3D10_1_SRV_DIMENSION_BUFFER' 열거자는 case 레이블에 의해 명시적으로 처리되지 않습니다.
C:\Program Files (x86)\Windows Kits\10\Include\10.0.22621.0\um\d3dcommon.h(311): message : 'D3D_SRV_DIMENSION' 선언을 참조하십시오.
C:\Program Files (x86)\Windows Kits\10\Include\10.0.22621.0\um\d3d11.h(3680,1): warning C4061: 열거형 'D3D_SRV_DIMENSION'의 switch에 있는 'D3D10_1_SRV_DIMENSION_TEXTURE1D' 열거자는 case 레이블에 의해 명시적으로 처리되지 않습니다.
C:\Program Files (x86)\Windows Kits\10\Include\10.0.22621.0\um\d3dcommon.h(311): message : 'D3D_SRV_DIMENSION' 선언을 참조하십시오.
C:\Program Files (x86)\Windows Kits\10\Include\10.0.22621.0\um\d3d11.h(3680,1): warning C4061: 열거형 'D3D_SRV_DIMENSION'의 switch에 있는 'D3D10_1_SRV_DIMENSION_TEXTURE1DARRAY' 열거자는 case 레이블에 의해 명시적으로 처리되지 않습니다.
C:\Program Files (x86)\Windows Kits\10\Include\10.0.22621.0\um\d3dcommon.h(311): message : 'D3D_SRV_DIMENSION' 선언을 참조하십시오.
C:\Program Files (x86)\Windows Kits\10\Include\10.0.22621.0\um\d3d11.h(3680,1): warning C4061: 열거형 'D3D_SRV_DIMENSION'의 switch에 있는 'D3D10_1_SRV_DIMENSION_TEXTURE3D' 열거자는 case 레이블에 의해 명시적으로 처리되지 않습니다.
C:\Program Files (x86)\Windows Kits\10\Include\10.0.22621.0\um\d3dcommon.h(311): message : 'D3D_SRV_DIMENSION' 선언을 참조하십시오.
C:\Program Files (x86)\Windows Kits\10\Include\10.0.22621.0\um\d3d11.h(3680,1): warning C4061: 열거형 'D3D_SRV_DIMENSION'의 switch에 있는 'D3D11_SRV_DIMENSION_UNKNOWN' 열거자는 case 레이블에 의해 명시적으로 처리되지 않습니다.
C:\Program Files (x86)\Windows Kits\10\Include\10.0.22621.0\um\d3dcommon.h(311): message : 'D3D_SRV_DIMENSION' 선언을 참조하십시오.
C:\Program Files (x86)\Windows Kits\10\Include\10.0.22621.0\um\d3d11.h(3680,1): warning C4061: 열거형 'D3D_SRV_DIMENSION'의 switch에 있는 'D3D11_SRV_DIMENSION_BUFFER' 열거자는 case 레이블에 의해 명시적으로 처리되지 않습니다.
C:\Program Files (x86)\Windows Kits\10\Include\10.0.22621.0\um\d3dcommon.h(311): message : 'D3D_SRV_DIMENSION' 선언을 참조하십시오.
C:\Program Files (x86)\Windows Kits\10\Include\10.0.22621.0\um\d3d11.h(3680,1): warning C4061: 열거형 'D3D_SRV_DIMENSION'의 switch에 있는 'D3D11_SRV_DIMENSION_TEXTURE1D' 열거자는 case 레이블에 의해 명시적으로 처리되지 않습니다.
C:\Program Files (x86)\Windows Kits\10\Include\10.0.22621.0\um\d3dcommon.h(311): message : 'D3D_SRV_DIMENSION' 선언을 참조하십시오.
C:\Program Files (x86)\Windows Kits\10\Include\10.0.22621.0\um\d3d11.h(3680,1): warning C4061: 열거형 'D3D_SRV_DIMENSION'의 switch에 있는 'D3D11_SRV_DIMENSION_TEXTURE1DARRAY' 열거자는 case 레이블에 의해 명시적으로 처리되지 않습니다.
C:\Program Files (x86)\Windows Kits\10\Include\10.0.22621.0\um\d3dcommon.h(311): message : 'D3D_SRV_DIMENSION' 선언을 참조하십시오.
C:\Program Files (x86)\Windows Kits\10\Include\10.0.22621.0\um\d3d11.h(3680,1): warning C4061: 열거형 'D3D_SRV_DIMENSION'의 switch에 있는 'D3D11_SRV_DIMENSION_TEXTURE3D' 열거자는 case 레이블에 의해 명시적으로 처리되지 않습니다.
C:\Program Files (x86)\Windows Kits\10\Include\10.0.22621.0\um\d3dcommon.h(311): message : 'D3D_SRV_DIMENSION' 선언을 참조하십시오.
C:\Program Files (x86)\Windows Kits\10\Include\10.0.22621.0\um\d3d11.h(3680,1): warning C4061: 열거형 'D3D_SRV_DIMENSION'의 switch에 있는 'D3D11_SRV_DIMENSION_BUFFEREX' 열거자는 case 레이블에 의해 명시적으로 처리되지 않습니다.
C:\Program Files (x86)\Windows Kits\10\Include\10.0.22621.0\um\d3dcommon.h(311): message : 'D3D_SRV_DIMENSION' 선언을 참조하십시오.
C:\Program Files (x86)\Windows Kits\10\Include\10.0.22621.0\um\d3d11.h(3979,1): warning C4061: 열거형 'D3D11_RTV_DIMENSION'의 switch에 있는 'D3D11_RTV_DIMENSION_UNKNOWN' 열거자는 case 레이블에 의해 명시적으로 처리되지 않습니다.
C:\Program Files (x86)\Windows Kits\10\Include\10.0.22621.0\um\d3d11.h(1191): message : 'D3D11_RTV_DIMENSION' 선언을 참조하십시오.
C:\Program Files (x86)\Windows Kits\10\Include\10.0.22621.0\um\d3d11.h(4021,1): warning C4061: 열거형 'D3D11_RTV_DIMENSION'의 switch에 있는 'D3D11_RTV_DIMENSION_UNKNOWN' 열거자는 case 레이블에 의해 명시적으로 처리되지 않습니다.
C:\Program Files (x86)\Windows Kits\10\Include\10.0.22621.0\um\d3d11.h(1191): message : 'D3D11_RTV_DIMENSION' 선언을 참조하십시오.
C:\Program Files (x86)\Windows Kits\10\Include\10.0.22621.0\um\d3d11.h(4021,1): warning C4061: 열거형 'D3D11_RTV_DIMENSION'의 switch에 있는 'D3D11_RTV_DIMENSION_BUFFER' 열거자는 case 레이블에 의해 명시적으로 처리되지 않습니다.
C:\Program Files (x86)\Windows Kits\10\Include\10.0.22621.0\um\d3d11.h(1191): message : 'D3D11_RTV_DIMENSION' 선언을 참조하십시오.
C:\Program Files (x86)\Windows Kits\10\Include\10.0.22621.0\um\d3d11.h(4021,1): warning C4061: 열거형 'D3D11_RTV_DIMENSION'의 switch에 있는 'D3D11_RTV_DIMENSION_TEXTURE2D' 열거자는 case 레이블에 의해 명시적으로 처리되지 않습니다.
C:\Program Files (x86)\Windows Kits\10\Include\10.0.22621.0\um\d3d11.h(1191): message : 'D3D11_RTV_DIMENSION' 선언을 참조하십시오.
C:\Program Files (x86)\Windows Kits\10\Include\10.0.22621.0\um\d3d11.h(4021,1): warning C4061: 열거형 'D3D11_RTV_DIMENSION'의 switch에 있는 'D3D11_RTV_DIMENSION_TEXTURE2DARRAY' 열거자는 case 레이블에 의해 명시적으로 처리되지 않습니다.
C:\Program Files (x86)\Windows Kits\10\Include\10.0.22621.0\um\d3d11.h(1191): message : 'D3D11_RTV_DIMENSION' 선언을 참조하십시오.
C:\Program Files (x86)\Windows Kits\10\Include\10.0.22621.0\um\d3d11.h(4021,1): warning C4061: 열거형 'D3D11_RTV_DIMENSION'의 switch에 있는 'D3D11_RTV_DIMENSION_TEXTURE2DMS' 열거자는 case 레이블에 의해 명시적으로 처리되지 않습니다.
C:\Program Files (x86)\Windows Kits\10\Include\10.0.22621.0\um\d3d11.h(1191): message : 'D3D11_RTV_DIMENSION' 선언을 참조하십시오.
C:\Program Files (x86)\Windows Kits\10\Include\10.0.22621.0\um\d3d11.h(4021,1): warning C4061: 열거형 'D3D11_RTV_DIMENSION'의 switch에 있는 'D3D11_RTV_DIMENSION_TEXTURE2DMSARRAY' 열거자는 case 레이블에 의해 명시적으로 처리되지 않습니다.
C:\Program Files (x86)\Windows Kits\10\Include\10.0.22621.0\um\d3d11.h(1191): message : 'D3D11_RTV_DIMENSION' 선언을 참조하십시오.
C:\Program Files (x86)\Windows Kits\10\Include\10.0.22621.0\um\d3d11.h(4021,1): warning C4061: 열거형 'D3D11_RTV_DIMENSION'의 switch에 있는 'D3D11_RTV_DIMENSION_TEXTURE3D' 열거자는 case 레이블에 의해 명시적으로 처리되지 않습니다.
C:\Program Files (x86)\Windows Kits\10\Include\10.0.22621.0\um\d3d11.h(1191): message : 'D3D11_RTV_DIMENSION' 선언을 참조하십시오.
C:\Program Files (x86)\Windows Kits\10\Include\10.0.22621.0\um\d3d11.h(4060,1): warning C4061: 열거형 'D3D11_RTV_DIMENSION'의 switch에 있는 'D3D11_RTV_DIMENSION_UNKNOWN' 열거자는 case 레이블에 의해 명시적으로 처리되지 않습니다.
C:\Program Files (x86)\Windows Kits\10\Include\10.0.22621.0\um\d3d11.h(1191): message : 'D3D11_RTV_DIMENSION' 선언을 참조하십시오.
C:\Program Files (x86)\Windows Kits\10\Include\10.0.22621.0\um\d3d11.h(4060,1): warning C4061: 열거형 'D3D11_RTV_DIMENSION'의 switch에 있는 'D3D11_RTV_DIMENSION_BUFFER' 열거자는 case 레이블에 의해 명시적으로 처리되지 않습니다.
C:\Program Files (x86)\Windows Kits\10\Include\10.0.22621.0\um\d3d11.h(1191): message : 'D3D11_RTV_DIMENSION' 선언을 참조하십시오.
C:\Program Files (x86)\Windows Kits\10\Include\10.0.22621.0\um\d3d11.h(4060,1): warning C4061: 열거형 'D3D11_RTV_DIMENSION'의 switch에 있는 'D3D11_RTV_DIMENSION_TEXTURE1D' 열거자는 case 레이블에 의해 명시적으로 처리되지 않습니다.
C:\Program Files (x86)\Windows Kits\10\Include\10.0.22621.0\um\d3d11.h(1191): message : 'D3D11_RTV_DIMENSION' 선언을 참조하십시오.
C:\Program Files (x86)\Windows Kits\10\Include\10.0.22621.0\um\d3d11.h(4060,1): warning C4061: 열거형 'D3D11_RTV_DIMENSION'의 switch에 있는 'D3D11_RTV_DIMENSION_TEXTURE1DARRAY' 열거자는 case 레이블에 의해 명시적으로 처리되지 않습니다.
C:\Program Files (x86)\Windows Kits\10\Include\10.0.22621.0\um\d3d11.h(1191): message : 'D3D11_RTV_DIMENSION' 선언을 참조하십시오.
C:\Program Files (x86)\Windows Kits\10\Include\10.0.22621.0\um\d3d11.h(4060,1): warning C4061: 열거형 'D3D11_RTV_DIMENSION'의 switch에 있는 'D3D11_RTV_DIMENSION_TEXTURE3D' 열거자는 case 레이블에 의해 명시적으로 처리되지 않습니다.
C:\Program Files (x86)\Windows Kits\10\Include\10.0.22621.0\um\d3d11.h(1191): message : 'D3D11_RTV_DIMENSION' 선언을 참조하십시오.
C:\Program Files (x86)\Windows Kits\10\Include\10.0.22621.0\um\d3d11.h(4276,1): warning C4061: 열거형 'D3D11_RTV_DIMENSION'의 switch에 있는 'D3D11_RTV_DIMENSION_UNKNOWN' 열거자는 case 레이블에 의해 명시적으로 처리되지 않습니다.
C:\Program Files (x86)\Windows Kits\10\Include\10.0.22621.0\um\d3d11.h(1191): message : 'D3D11_RTV_DIMENSION' 선언을 참조하십시오.
C:\Program Files (x86)\Windows Kits\10\Include\10.0.22621.0\um\d3d11.h(4276,1): warning C4061: 열거형 'D3D11_RTV_DIMENSION'의 switch에 있는 'D3D11_RTV_DIMENSION_TEXTURE1D' 열거자는 case 레이블에 의해 명시적으로 처리되지 않습니다.
C:\Program Files (x86)\Windows Kits\10\Include\10.0.22621.0\um\d3d11.h(1191): message : 'D3D11_RTV_DIMENSION' 선언을 참조하십시오.
C:\Program Files (x86)\Windows Kits\10\Include\10.0.22621.0\um\d3d11.h(4276,1): warning C4061: 열거형 'D3D11_RTV_DIMENSION'의 switch에 있는 'D3D11_RTV_DIMENSION_TEXTURE1DARRAY' 열거자는 case 레이블에 의해 명시적으로 처리되지 않습니다.
C:\Program Files (x86)\Windows Kits\10\Include\10.0.22621.0\um\d3d11.h(1191): message : 'D3D11_RTV_DIMENSION' 선언을 참조하십시오.
C:\Program Files (x86)\Windows Kits\10\Include\10.0.22621.0\um\d3d11.h(4276,1): warning C4061: 열거형 'D3D11_RTV_DIMENSION'의 switch에 있는 'D3D11_RTV_DIMENSION_TEXTURE2D' 열거자는 case 레이블에 의해 명시적으로 처리되지 않습니다.
C:\Program Files (x86)\Windows Kits\10\Include\10.0.22621.0\um\d3d11.h(1191): message : 'D3D11_RTV_DIMENSION' 선언을 참조하십시오.
C:\Program Files (x86)\Windows Kits\10\Include\10.0.22621.0\um\d3d11.h(4276,1): warning C4061: 열거형 'D3D11_RTV_DIMENSION'의 switch에 있는 'D3D11_RTV_DIMENSION_TEXTURE2DARRAY' 열거자는 case 레이블에 의해 명시적으로 처리되지 않습니다.
C:\Program Files (x86)\Windows Kits\10\Include\10.0.22621.0\um\d3d11.h(1191): message : 'D3D11_RTV_DIMENSION' 선언을 참조하십시오.
C:\Program Files (x86)\Windows Kits\10\Include\10.0.22621.0\um\d3d11.h(4276,1): warning C4061: 열거형 'D3D11_RTV_DIMENSION'의 switch에 있는 'D3D11_RTV_DIMENSION_TEXTURE2DMS' 열거자는 case 레이블에 의해 명시적으로 처리되지 않습니다.
C:\Program Files (x86)\Windows Kits\10\Include\10.0.22621.0\um\d3d11.h(1191): message : 'D3D11_RTV_DIMENSION' 선언을 참조하십시오.
C:\Program Files (x86)\Windows Kits\10\Include\10.0.22621.0\um\d3d11.h(4276,1): warning C4061: 열거형 'D3D11_RTV_DIMENSION'의 switch에 있는 'D3D11_RTV_DIMENSION_TEXTURE2DMSARRAY' 열거자는 case 레이블에 의해 명시적으로 처리되지 않습니다.
C:\Program Files (x86)\Windows Kits\10\Include\10.0.22621.0\um\d3d11.h(1191): message : 'D3D11_RTV_DIMENSION' 선언을 참조하십시오.
C:\Program Files (x86)\Windows Kits\10\Include\10.0.22621.0\um\d3d11.h(4276,1): warning C4061: 열거형 'D3D11_RTV_DIMENSION'의 switch에 있는 'D3D11_RTV_DIMENSION_TEXTURE3D' 열거자는 case 레이블에 의해 명시적으로 처리되지 않습니다.
C:\Program Files (x86)\Windows Kits\10\Include\10.0.22621.0\um\d3d11.h(1191): message : 'D3D11_RTV_DIMENSION' 선언을 참조하십시오.
C:\Program Files (x86)\Windows Kits\10\Include\10.0.22621.0\um\d3d11.h(4305,1): warning C4061: 열거형 'D3D11_RTV_DIMENSION'의 switch에 있는 'D3D11_RTV_DIMENSION_UNKNOWN' 열거자는 case 레이블에 의해 명시적으로 처리되지 않습니다.
C:\Program Files (x86)\Windows Kits\10\Include\10.0.22621.0\um\d3d11.h(1191): message : 'D3D11_RTV_DIMENSION' 선언을 참조하십시오.
C:\Program Files (x86)\Windows Kits\10\Include\10.0.22621.0\um\d3d11.h(4305,1): warning C4061: 열거형 'D3D11_RTV_DIMENSION'의 switch에 있는 'D3D11_RTV_DIMENSION_BUFFER' 열거자는 case 레이블에 의해 명시적으로 처리되지 않습니다.
C:\Program Files (x86)\Windows Kits\10\Include\10.0.22621.0\um\d3d11.h(1191): message : 'D3D11_RTV_DIMENSION' 선언을 참조하십시오.
C:\Program Files (x86)\Windows Kits\10\Include\10.0.22621.0\um\d3d11.h(4305,1): warning C4061: 열거형 'D3D11_RTV_DIMENSION'의 switch에 있는 'D3D11_RTV_DIMENSION_TEXTURE2D' 열거자는 case 레이블에 의해 명시적으로 처리되지 않습니다.
C:\Program Files (x86)\Windows Kits\10\Include\10.0.22621.0\um\d3d11.h(1191): message : 'D3D11_RTV_DIMENSION' 선언을 참조하십시오.
C:\Program Files (x86)\Windows Kits\10\Include\10.0.22621.0\um\d3d11.h(4305,1): warning C4061: 열거형 'D3D11_RTV_DIMENSION'의 switch에 있는 'D3D11_RTV_DIMENSION_TEXTURE2DARRAY' 열거자는 case 레이블에 의해 명시적으로 처리되지 않습니다.
C:\Program Files (x86)\Windows Kits\10\Include\10.0.22621.0\um\d3d11.h(1191): message : 'D3D11_RTV_DIMENSION' 선언을 참조하십시오.
C:\Program Files (x86)\Windows Kits\10\Include\10.0.22621.0\um\d3d11.h(4305,1): warning C4061: 열거형 'D3D11_RTV_DIMENSION'의 switch에 있는 'D3D11_RTV_DIMENSION_TEXTURE2DMS' 열거자는 case 레이블에 의해 명시적으로 처리되지 않습니다.
C:\Program Files (x86)\Windows Kits\10\Include\10.0.22621.0\um\d3d11.h(1191): message : 'D3D11_RTV_DIMENSION' 선언을 참조하십시오.
C:\Program Files (x86)\Windows Kits\10\Include\10.0.22621.0\um\d3d11.h(4305,1): warning C4061: 열거형 'D3D11_RTV_DIMENSION'의 switch에 있는 'D3D11_RTV_DIMENSION_TEXTURE2DMSARRAY' 열거자는 case 레이블에 의해 명시적으로 처리되지 않습니다.
C:\Program Files (x86)\Windows Kits\10\Include\10.0.22621.0\um\d3d11.h(1191): message : 'D3D11_RTV_DIMENSION' 선언을 참조하십시오.
C:\Program Files (x86)\Windows Kits\10\Include\10.0.22621.0\um\d3d11.h(4305,1): warning C4061: 열거형 'D3D11_RTV_DIMENSION'의 switch에 있는 'D3D11_RTV_DIMENSION_TEXTURE3D' 열거자는 case 레이블에 의해 명시적으로 처리되지 않습니다.
C:\Program Files (x86)\Windows Kits\10\Include\10.0.22621.0\um\d3d11.h(1191): message : 'D3D11_RTV_DIMENSION' 선언을 참조하십시오.
C:\Program Files (x86)\Windows Kits\10\Include\10.0.22621.0\um\d3d11.h(4339,1): warning C4061: 열거형 'D3D11_RTV_DIMENSION'의 switch에 있는 'D3D11_RTV_DIMENSION_UNKNOWN' 열거자는 case 레이블에 의해 명시적으로 처리되지 않습니다.
C:\Program Files (x86)\Windows Kits\10\Include\10.0.22621.0\um\d3d11.h(1191): message : 'D3D11_RTV_DIMENSION' 선언을 참조하십시오.
C:\Program Files (x86)\Windows Kits\10\Include\10.0.22621.0\um\d3d11.h(4339,1): warning C4061: 열거형 'D3D11_RTV_DIMENSION'의 switch에 있는 'D3D11_RTV_DIMENSION_BUFFER' 열거자는 case 레이블에 의해 명시적으로 처리되지 않습니다.
C:\Program Files (x86)\Windows Kits\10\Include\10.0.22621.0\um\d3d11.h(1191): message : 'D3D11_RTV_DIMENSION' 선언을 참조하십시오.
C:\Program Files (x86)\Windows Kits\10\Include\10.0.22621.0\um\d3d11.h(4339,1): warning C4061: 열거형 'D3D11_RTV_DIMENSION'의 switch에 있는 'D3D11_RTV_DIMENSION_TEXTURE1D' 열거자는 case 레이블에 의해 명시적으로 처리되지 않습니다.
C:\Program Files (x86)\Windows Kits\10\Include\10.0.22621.0\um\d3d11.h(1191): message : 'D3D11_RTV_DIMENSION' 선언을 참조하십시오.
C:\Program Files (x86)\Windows Kits\10\Include\10.0.22621.0\um\d3d11.h(4339,1): warning C4061: 열거형 'D3D11_RTV_DIMENSION'의 switch에 있는 'D3D11_RTV_DIMENSION_TEXTURE1DARRAY' 열거자는 case 레이블에 의해 명시적으로 처리되지 않습니다.
C:\Program Files (x86)\Windows Kits\10\Include\10.0.22621.0\um\d3d11.h(1191): message : 'D3D11_RTV_DIMENSION' 선언을 참조하십시오.
C:\Program Files (x86)\Windows Kits\10\Include\10.0.22621.0\um\d3d11.h(4339,1): warning C4061: 열거형 'D3D11_RTV_DIMENSION'의 switch에 있는 'D3D11_RTV_DIMENSION_TEXTURE3D' 열거자는 case 레이블에 의해 명시적으로 처리되지 않습니다.
C:\Program Files (x86)\Windows Kits\10\Include\10.0.22621.0\um\d3d11.h(1191): message : 'D3D11_RTV_DIMENSION' 선언을 참조하십시오.
C:\Program Files (x86)\Windows Kits\10\Include\10.0.22621.0\um\d3d11.h(4368,1): warning C4061: 열거형 'D3D11_RTV_DIMENSION'의 switch에 있는 'D3D11_RTV_DIMENSION_UNKNOWN' 열거자는 case 레이블에 의해 명시적으로 처리되지 않습니다.
C:\Program Files (x86)\Windows Kits\10\Include\10.0.22621.0\um\d3d11.h(1191): message : 'D3D11_RTV_DIMENSION' 선언을 참조하십시오.
C:\Program Files (x86)\Windows Kits\10\Include\10.0.22621.0\um\d3d11.h(4368,1): warning C4061: 열거형 'D3D11_RTV_DIMENSION'의 switch에 있는 'D3D11_RTV_DIMENSION_BUFFER' 열거자는 case 레이블에 의해 명시적으로 처리되지 않습니다.
C:\Program Files (x86)\Windows Kits\10\Include\10.0.22621.0\um\d3d11.h(1191): message : 'D3D11_RTV_DIMENSION' 선언을 참조하십시오.
C:\Program Files (x86)\Windows Kits\10\Include\10.0.22621.0\um\d3d11.h(4368,1): warning C4061: 열거형 'D3D11_RTV_DIMENSION'의 switch에 있는 'D3D11_RTV_DIMENSION_TEXTURE1D' 열거자는 case 레이블에 의해 명시적으로 처리되지 않습니다.
C:\Program Files (x86)\Windows Kits\10\Include\10.0.22621.0\um\d3d11.h(1191): message : 'D3D11_RTV_DIMENSION' 선언을 참조하십시오.
C:\Program Files (x86)\Windows Kits\10\Include\10.0.22621.0\um\d3d11.h(4368,1): warning C4061: 열거형 'D3D11_RTV_DIMENSION'의 switch에 있는 'D3D11_RTV_DIMENSION_TEXTURE1DARRAY' 열거자는 case 레이블에 의해 명시적으로 처리되지 않습니다.
C:\Program Files (x86)\Windows Kits\10\Include\10.0.22621.0\um\d3d11.h(1191): message : 'D3D11_RTV_DIMENSION' 선언을 참조하십시오.
C:\Program Files (x86)\Windows Kits\10\Include\10.0.22621.0\um\d3d11.h(4368,1): warning C4061: 열거형 'D3D11_RTV_DIMENSION'의 switch에 있는 'D3D11_RTV_DIMENSION_TEXTURE2D' 열거자는 case 레이블에 의해 명시적으로 처리되지 않습니다.
C:\Program Files (x86)\Windows Kits\10\Include\10.0.22621.0\um\d3d11.h(1191): message : 'D3D11_RTV_DIMENSION' 선언을 참조하십시오.
C:\Program Files (x86)\Windows Kits\10\Include\10.0.22621.0\um\d3d11.h(4368,1): warning C4061: 열거형 'D3D11_RTV_DIMENSION'의 switch에 있는 'D3D11_RTV_DIMENSION_TEXTURE2DARRAY' 열거자는 case 레이블에 의해 명시적으로 처리되지 않습니다.
C:\Program Files (x86)\Windows Kits\10\Include\10.0.22621.0\um\d3d11.h(1191): message : 'D3D11_RTV_DIMENSION' 선언을 참조하십시오.
C:\Program Files (x86)\Windows Kits\10\Include\10.0.22621.0\um\d3d11.h(4368,1): warning C4061: 열거형 'D3D11_RTV_DIMENSION'의 switch에 있는 'D3D11_RTV_DIMENSION_TEXTURE2DMS' 열거자는 case 레이블에 의해 명시적으로 처리되지 않습니다.
C:\Program Files (x86)\Windows Kits\10\Include\10.0.22621.0\um\d3d11.h(1191): message : 'D3D11_RTV_DIMENSION' 선언을 참조하십시오.
C:\Program Files (x86)\Windows Kits\10\Include\10.0.22621.0\um\d3d11.h(4368,1): warning C4061: 열거형 'D3D11_RTV_DIMENSION'의 switch에 있는 'D3D11_RTV_DIMENSION_TEXTURE2DMSARRAY' 열거자는 case 레이블에 의해 명시적으로 처리되지 않습니다.
C:\Program Files (x86)\Windows Kits\10\Include\10.0.22621.0\um\d3d11.h(1191): message : 'D3D11_RTV_DIMENSION' 선언을 참조하십시오.
C:\Program Files (x86)\Windows Kits\10\Include\10.0.22621.0\um\d3d11.h(4484,1): warning C4061: 열거형 'D3D11_DSV_DIMENSION'의 switch에 있는 'D3D11_DSV_DIMENSION_UNKNOWN' 열거자는 case 레이블에 의해 명시적으로 처리되지 않습니다.
C:\Program Files (x86)\Windows Kits\10\Include\10.0.22621.0\um\d3d11.h(1179): message : 'D3D11_DSV_DIMENSION' 선언을 참조하십시오.
C:\Program Files (x86)\Windows Kits\10\Include\10.0.22621.0\um\d3d11.h(4517,1): warning C4061: 열거형 'D3D11_DSV_DIMENSION'의 switch에 있는 'D3D11_DSV_DIMENSION_UNKNOWN' 열거자는 case 레이블에 의해 명시적으로 처리되지 않습니다.
C:\Program Files (x86)\Windows Kits\10\Include\10.0.22621.0\um\d3d11.h(1179): message : 'D3D11_DSV_DIMENSION' 선언을 참조하십시오.
C:\Program Files (x86)\Windows Kits\10\Include\10.0.22621.0\um\d3d11.h(4517,1): warning C4061: 열거형 'D3D11_DSV_DIMENSION'의 switch에 있는 'D3D11_DSV_DIMENSION_TEXTURE2D' 열거자는 case 레이블에 의해 명시적으로 처리되지 않습니다.
C:\Program Files (x86)\Windows Kits\10\Include\10.0.22621.0\um\d3d11.h(1179): message : 'D3D11_DSV_DIMENSION' 선언을 참조하십시오.
C:\Program Files (x86)\Windows Kits\10\Include\10.0.22621.0\um\d3d11.h(4517,1): warning C4061: 열거형 'D3D11_DSV_DIMENSION'의 switch에 있는 'D3D11_DSV_DIMENSION_TEXTURE2DARRAY' 열거자는 case 레이블에 의해 명시적으로 처리되지 않습니다.
C:\Program Files (x86)\Windows Kits\10\Include\10.0.22621.0\um\d3d11.h(1179): message : 'D3D11_DSV_DIMENSION' 선언을 참조하십시오.
C:\Program Files (x86)\Windows Kits\10\Include\10.0.22621.0\um\d3d11.h(4517,1): warning C4061: 열거형 'D3D11_DSV_DIMENSION'의 switch에 있는 'D3D11_DSV_DIMENSION_TEXTURE2DMS' 열거자는 case 레이블에 의해 명시적으로 처리되지 않습니다.
C:\Program Files (x86)\Windows Kits\10\Include\10.0.22621.0\um\d3d11.h(1179): message : 'D3D11_DSV_DIMENSION' 선언을 참조하십시오.
C:\Program Files (x86)\Windows Kits\10\Include\10.0.22621.0\um\d3d11.h(4517,1): warning C4061: 열거형 'D3D11_DSV_DIMENSION'의 switch에 있는 'D3D11_DSV_DIMENSION_TEXTURE2DMSARRAY' 열거자는 case 레이블에 의해 명시적으로 처리되지 않습니다.
C:\Program Files (x86)\Windows Kits\10\Include\10.0.22621.0\um\d3d11.h(1179): message : 'D3D11_DSV_DIMENSION' 선언을 참조하십시오.
C:\Program Files (x86)\Windows Kits\10\Include\10.0.22621.0\um\d3d11.h(4558,1): warning C4061: 열거형 'D3D11_DSV_DIMENSION'의 switch에 있는 'D3D11_DSV_DIMENSION_UNKNOWN' 열거자는 case 레이블에 의해 명시적으로 처리되지 않습니다.
C:\Program Files (x86)\Windows Kits\10\Include\10.0.22621.0\um\d3d11.h(1179): message : 'D3D11_DSV_DIMENSION' 선언을 참조하십시오.
C:\Program Files (x86)\Windows Kits\10\Include\10.0.22621.0\um\d3d11.h(4558,1): warning C4061: 열거형 'D3D11_DSV_DIMENSION'의 switch에 있는 'D3D11_DSV_DIMENSION_TEXTURE1D' 열거자는 case 레이블에 의해 명시적으로 처리되지 않습니다.
C:\Program Files (x86)\Windows Kits\10\Include\10.0.22621.0\um\d3d11.h(1179): message : 'D3D11_DSV_DIMENSION' 선언을 참조하십시오.
C:\Program Files (x86)\Windows Kits\10\Include\10.0.22621.0\um\d3d11.h(4558,1): warning C4061: 열거형 'D3D11_DSV_DIMENSION'의 switch에 있는 'D3D11_DSV_DIMENSION_TEXTURE1DARRAY' 열거자는 case 레이블에 의해 명시적으로 처리되지 않습니다.
C:\Program Files (x86)\Windows Kits\10\Include\10.0.22621.0\um\d3d11.h(1179): message : 'D3D11_DSV_DIMENSION' 선언을 참조하십시오.
C:\Program Files (x86)\Windows Kits\10\Include\10.0.22621.0\um\d3d11.h(4823,1): warning C4061: 열거형 'D3D11_UAV_DIMENSION'의 switch에 있는 'D3D11_UAV_DIMENSION_UNKNOWN' 열거자는 case 레이블에 의해 명시적으로 처리되지 않습니다.
C:\Program Files (x86)\Windows Kits\10\Include\10.0.22621.0\um\d3d11.h(1205): message : 'D3D11_UAV_DIMENSION' 선언을 참조하십시오.
C:\Program Files (x86)\Windows Kits\10\Include\10.0.22621.0\um\d3d11.h(4867,1): warning C4061: 열거형 'D3D11_UAV_DIMENSION'의 switch에 있는 'D3D11_UAV_DIMENSION_UNKNOWN' 열거자는 case 레이블에 의해 명시적으로 처리되지 않습니다.
C:\Program Files (x86)\Windows Kits\10\Include\10.0.22621.0\um\d3d11.h(1205): message : 'D3D11_UAV_DIMENSION' 선언을 참조하십시오.
C:\Program Files (x86)\Windows Kits\10\Include\10.0.22621.0\um\d3d11.h(4867,1): warning C4061: 열거형 'D3D11_UAV_DIMENSION'의 switch에 있는 'D3D11_UAV_DIMENSION_BUFFER' 열거자는 case 레이블에 의해 명시적으로 처리되지 않습니다.
C:\Program Files (x86)\Windows Kits\10\Include\10.0.22621.0\um\d3d11.h(1205): message : 'D3D11_UAV_DIMENSION' 선언을 참조하십시오.
C:\Program Files (x86)\Windows Kits\10\Include\10.0.22621.0\um\d3d11.h(4867,1): warning C4061: 열거형 'D3D11_UAV_DIMENSION'의 switch에 있는 'D3D11_UAV_DIMENSION_TEXTURE2D' 열거자는 case 레이블에 의해 명시적으로 처리되지 않습니다.
C:\Program Files (x86)\Windows Kits\10\Include\10.0.22621.0\um\d3d11.h(1205): message : 'D3D11_UAV_DIMENSION' 선언을 참조하십시오.
C:\Program Files (x86)\Windows Kits\10\Include\10.0.22621.0\um\d3d11.h(4867,1): warning C4061: 열거형 'D3D11_UAV_DIMENSION'의 switch에 있는 'D3D11_UAV_DIMENSION_TEXTURE2DARRAY' 열거자는 case 레이블에 의해 명시적으로 처리되지 않습니다.
C:\Program Files (x86)\Windows Kits\10\Include\10.0.22621.0\um\d3d11.h(1205): message : 'D3D11_UAV_DIMENSION' 선언을 참조하십시오.
C:\Program Files (x86)\Windows Kits\10\Include\10.0.22621.0\um\d3d11.h(4867,1): warning C4061: 열거형 'D3D11_UAV_DIMENSION'의 switch에 있는 'D3D11_UAV_DIMENSION_TEXTURE3D' 열거자는 case 레이블에 의해 명시적으로 처리되지 않습니다.
C:\Program Files (x86)\Windows Kits\10\Include\10.0.22621.0\um\d3d11.h(1205): message : 'D3D11_UAV_DIMENSION' 선언을 참조하십시오.
C:\Program Files (x86)\Windows Kits\10\Include\10.0.22621.0\um\d3d11.h(4898,1): warning C4061: 열거형 'D3D11_UAV_DIMENSION'의 switch에 있는 'D3D11_UAV_DIMENSION_UNKNOWN' 열거자는 case 레이블에 의해 명시적으로 처리되지 않습니다.
C:\Program Files (x86)\Windows Kits\10\Include\10.0.22621.0\um\d3d11.h(1205): message : 'D3D11_UAV_DIMENSION' 선언을 참조하십시오.
C:\Program Files (x86)\Windows Kits\10\Include\10.0.22621.0\um\d3d11.h(4898,1): warning C4061: 열거형 'D3D11_UAV_DIMENSION'의 switch에 있는 'D3D11_UAV_DIMENSION_BUFFER' 열거자는 case 레이블에 의해 명시적으로 처리되지 않습니다.
C:\Program Files (x86)\Windows Kits\10\Include\10.0.22621.0\um\d3d11.h(1205): message : 'D3D11_UAV_DIMENSION' 선언을 참조하십시오.
C:\Program Files (x86)\Windows Kits\10\Include\10.0.22621.0\um\d3d11.h(4898,1): warning C4061: 열거형 'D3D11_UAV_DIMENSION'의 switch에 있는 'D3D11_UAV_DIMENSION_TEXTURE1D' 열거자는 case 레이블에 의해 명시적으로 처리되지 않습니다.
C:\Program Files (x86)\Windows Kits\10\Include\10.0.22621.0\um\d3d11.h(1205): message : 'D3D11_UAV_DIMENSION' 선언을 참조하십시오.
C:\Program Files (x86)\Windows Kits\10\Include\10.0.22621.0\um\d3d11.h(4898,1): warning C4061: 열거형 'D3D11_UAV_DIMENSION'의 switch에 있는 'D3D11_UAV_DIMENSION_TEXTURE1DARRAY' 열거자는 case 레이블에 의해 명시적으로 처리되지 않습니다.
C:\Program Files (x86)\Windows Kits\10\Include\10.0.22621.0\um\d3d11.h(1205): message : 'D3D11_UAV_DIMENSION' 선언을 참조하십시오.
C:\Program Files (x86)\Windows Kits\10\Include\10.0.22621.0\um\d3d11.h(4898,1): warning C4061: 열거형 'D3D11_UAV_DIMENSION'의 switch에 있는 'D3D11_UAV_DIMENSION_TEXTURE3D' 열거자는 case 레이블에 의해 명시적으로 처리되지 않습니다.
C:\Program Files (x86)\Windows Kits\10\Include\10.0.22621.0\um\d3d11.h(1205): message : 'D3D11_UAV_DIMENSION' 선언을 참조하십시오.
C:\Program Files (x86)\Windows Kits\10\Include\10.0.22621.0\um\d3d11.h(6783,5): warning C4820: 'D3D11_QUERY_DATA_TIMESTAMP_DISJOINT': '4'바이트 채움 문자가 데이터 멤버 'D3D11_QUERY_DATA_TIMESTAMP_DISJOINT::Disjoint' 뒤에 추가되었습니다.
C:\Program Files (x86)\Windows Kits\10\Include\10.0.22621.0\um\d3d11.h(6851,5): warning C4820: 'D3D11_COUNTER_INFO': '3'바이트 채움 문자가 데이터 멤버 'D3D11_COUNTER_INFO::NumDetectableParallelUnits' 뒤에 추가되었습니다.
C:\Program Files (x86)\Windows Kits\10\Include\10.0.22621.0\um\d3d11.h(10126,5): warning C4820: 'D3D11_VIDEO_DECODER_BUFFER_DESC': '4'바이트 채움 문자가 데이터 멤버 'D3D11_VIDEO_DECODER_BUFFER_DESC::EncryptedBlockInfo' 뒤에 추가되었습니다.
C:\Program Files (x86)\Windows Kits\10\Include\10.0.22621.0\um\d3d11.h(10132,64): warning C4820: 'D3D11_VIDEO_DECODER_EXTENSION': '4'바이트 채움 문자가 데이터 멤버 'D3D11_VIDEO_DECODER_EXTENSION::Function' 뒤에 추가되었습니다.
C:\Program Files (x86)\Windows Kits\10\Include\10.0.22621.0\um\d3d11.h(10135,66): warning C4820: 'D3D11_VIDEO_DECODER_EXTENSION': '4'바이트 채움 문자가 데이터 멤버 'D3D11_VIDEO_DECODER_EXTENSION::PrivateInputDataSize' 뒤에 추가되었습니다.
C:\Program Files (x86)\Windows Kits\10\Include\10.0.22621.0\um\d3d11.h(10458,34): warning C4820: 'D3D11_VIDEO_CONTENT_PROTECTION_CAPS': '4'바이트 채움 문자가 데이터 멤버 'D3D11_VIDEO_CONTENT_PROTECTION_CAPS::BlockAlignmentSize' 뒤에 추가되었습니다.
C:\Program Files (x86)\Windows Kits\10\Include\10.0.22621.0\um\d3d11.h(10842,77): warning C4820: 'D3D11_VIDEO_PROCESSOR_STREAM': '4'바이트 채움 문자가 데이터 멤버 'D3D11_VIDEO_PROCESSOR_STREAM::FutureFrames' 뒤에 추가되었습니다.
C:\Program Files (x86)\Windows Kits\10\Include\10.0.22621.0\um\d3d11.h(11214,5): warning C4820: 'D3D11_AUTHENTICATED_QUERY_INPUT': '4'바이트 채움 문자가 데이터 멤버 'D3D11_AUTHENTICATED_QUERY_INPUT::SequenceNumber' 뒤에 추가되었습니다.
C:\Program Files (x86)\Windows Kits\10\Include\10.0.22621.0\um\d3d11.h(11240,5): warning C4820: 'D3D11_AUTHENTICATED_QUERY_PROTECTION_OUTPUT': '4'바이트 채움 문자가 데이터 멤버 'D3D11_AUTHENTICATED_QUERY_PROTECTION_OUTPUT::ProtectionFlags' 뒤에 추가되었습니다.
C:\Program Files (x86)\Windows Kits\10\Include\10.0.22621.0\um\d3d11.h(11246,5): warning C4820: 'D3D11_AUTHENTICATED_QUERY_CHANNEL_TYPE_OUTPUT': '4'바이트 채움 문자가 데이터 멤버 'D3D11_AUTHENTICATED_QUERY_CHANNEL_TYPE_OUTPUT::ChannelType' 뒤에 추가되었습니다.
C:\Program Files (x86)\Windows Kits\10\Include\10.0.22621.0\um\d3d11.h(11272,5): warning C4820: 'D3D11_AUTHENTICATED_QUERY_RESTRICTED_SHARED_RESOURCE_PROCESS_COUNT_OUTPUT': '4'바이트 채움 문자가 데이터 멤버 'D3D11_AUTHENTICATED_QUERY_RESTRICTED_SHARED_RESOURCE_PROCESS_COUNT_OUTPUT::RestrictedSharedResourceProcessCount' 뒤에 추가되었습니다.
C:\Program Files (x86)\Windows Kits\10\Include\10.0.22621.0\um\d3d11.h(11278,5): warning C4820: 'D3D11_AUTHENTICATED_QUERY_RESTRICTED_SHARED_RESOURCE_PROCESS_INPUT': '4'바이트 채움 문자가 데이터 멤버 'D3D11_AUTHENTICATED_QUERY_RESTRICTED_SHARED_RESOURCE_PROCESS_INPUT::ProcessIndex' 뒤에 추가되었습니다.
C:\Program Files (x86)\Windows Kits\10\Include\10.0.22621.0\um\d3d11.h(11300,5): warning C4820: 'D3D11_AUTHENTICATED_QUERY_UNRESTRICTED_PROTECTED_SHARED_RESOURCE_COUNT_OUTPUT': '4'바이트 채움 문자가 데이터 멤버 'D3D11_AUTHENTICATED_QUERY_UNRESTRICTED_PROTECTED_SHARED_RESOURCE_COUNT_OUTPUT::UnrestrictedProtectedSharedResourceCount' 뒤에 추가되었습니다.
C:\Program Files (x86)\Windows Kits\10\Include\10.0.22621.0\um\d3d11.h(11315,5): warning C4820: 'D3D11_AUTHENTICATED_QUERY_OUTPUT_ID_COUNT_OUTPUT': '4'바이트 채움 문자가 데이터 멤버 'D3D11_AUTHENTICATED_QUERY_OUTPUT_ID_COUNT_OUTPUT::OutputIDCount' 뒤에 추가되었습니다.
C:\Program Files (x86)\Windows Kits\10\Include\10.0.22621.0\um\d3d11.h(11323,5): warning C4820: 'D3D11_AUTHENTICATED_QUERY_OUTPUT_ID_INPUT': '4'바이트 채움 문자가 데이터 멤버 'D3D11_AUTHENTICATED_QUERY_OUTPUT_ID_INPUT::OutputIDIndex' 뒤에 추가되었습니다.
C:\Program Files (x86)\Windows Kits\10\Include\10.0.22621.0\um\d3d11.h(11331,20): warning C4820: 'D3D11_AUTHENTICATED_QUERY_OUTPUT_ID_OUTPUT': '4'바이트 채움 문자가 데이터 멤버 'D3D11_AUTHENTICATED_QUERY_OUTPUT_ID_OUTPUT::OutputIDIndex' 뒤에 추가되었습니다.
C:\Program Files (x86)\Windows Kits\10\Include\10.0.22621.0\um\d3d11.h(11356,5): warning C4820: 'D3D11_AUTHENTICATED_QUERY_ACESSIBILITY_OUTPUT': '4'바이트 채움 문자가 데이터 멤버 'D3D11_AUTHENTICATED_QUERY_ACESSIBILITY_OUTPUT::AccessibleInNonContiguousBlocks' 뒤에 추가되었습니다.
C:\Program Files (x86)\Windows Kits\10\Include\10.0.22621.0\um\d3d11.h(11362,5): warning C4820: 'D3D11_AUTHENTICATED_QUERY_ACCESSIBILITY_ENCRYPTION_GUID_COUNT_OUTPUT': '4'바이트 채움 문자가 데이터 멤버 'D3D11_AUTHENTICATED_QUERY_ACCESSIBILITY_ENCRYPTION_GUID_COUNT_OUTPUT::EncryptionGuidCount' 뒤에 추가되었습니다.
C:\Program Files (x86)\Windows Kits\10\Include\10.0.22621.0\um\d3d11.h(11368,5): warning C4820: 'D3D11_AUTHENTICATED_QUERY_ACCESSIBILITY_ENCRYPTION_GUID_INPUT': '4'바이트 채움 문자가 데이터 멤버 'D3D11_AUTHENTICATED_QUERY_ACCESSIBILITY_ENCRYPTION_GUID_INPUT::EncryptionGuidIndex' 뒤에 추가되었습니다.
C:\Program Files (x86)\Windows Kits\10\Include\10.0.22621.0\um\d3d11.h(11375,5): warning C4820: 'D3D11_AUTHENTICATED_QUERY_ACCESSIBILITY_ENCRYPTION_GUID_OUTPUT': '4'바이트 채움 문자가 데이터 멤버 'D3D11_AUTHENTICATED_QUERY_ACCESSIBILITY_ENCRYPTION_GUID_OUTPUT::EncryptionGuid' 뒤에 추가되었습니다.
C:\Program Files (x86)\Windows Kits\10\Include\10.0.22621.0\um\d3d11.h(11389,5): warning C4820: 'D3D11_AUTHENTICATED_CONFIGURE_INPUT': '4'바이트 채움 문자가 데이터 멤버 'D3D11_AUTHENTICATED_CONFIGURE_INPUT::SequenceNumber' 뒤에 추가되었습니다.
C:\Program Files (x86)\Windows Kits\10\Include\10.0.22621.0\um\d3d11.h(11411,5): warning C4820: 'D3D11_AUTHENTICATED_CONFIGURE_PROTECTION_INPUT': '4'바이트 채움 문자가 데이터 멤버 'D3D11_AUTHENTICATED_CONFIGURE_PROTECTION_INPUT::Protections' 뒤에 추가되었습니다.
C:\Program Files (x86)\Windows Kits\10\Include\10.0.22621.0\um\d3d11.h(11425,25): warning C4820: 'D3D11_AUTHENTICATED_CONFIGURE_SHARED_RESOURCE_INPUT': '4'바이트 채움 문자가 데이터 멤버 'D3D11_AUTHENTICATED_CONFIGURE_SHARED_RESOURCE_INPUT::ProcessType' 뒤에 추가되었습니다.
C:\Program Files (x86)\Windows Kits\10\Include\10.0.22621.0\um\d3d11.h(11427,5): warning C4820: 'D3D11_AUTHENTICATED_CONFIGURE_SHARED_RESOURCE_INPUT': '4'바이트 채움 문자가 데이터 멤버 'D3D11_AUTHENTICATED_CONFIGURE_SHARED_RESOURCE_INPUT::AllowAccess' 뒤에 추가되었습니다.
C:\Program Files (x86)\Windows Kits\10\Include\10.0.22621.0\um\d3d11sdklayers.h(2150,66): warning C4820: 'D3D11_MESSAGE': '4'바이트 채움 문자가 데이터 멤버 'D3D11_MESSAGE::ID' 뒤에 추가되었습니다.
C:\Program Files (x86)\Windows Kits\10\Include\10.0.22621.0\um\d3d11sdklayers.h(2158,71): warning C4820: 'D3D11_INFO_QUEUE_FILTER_DESC': '4'바이트 채움 문자가 데이터 멤버 'D3D11_INFO_QUEUE_FILTER_DESC::NumCategories' 뒤에 추가되었습니다.
C:\Program Files (x86)\Windows Kits\10\Include\10.0.22621.0\um\d3d11sdklayers.h(2161,71): warning C4820: 'D3D11_INFO_QUEUE_FILTER_DESC': '4'바이트 채움 문자가 데이터 멤버 'D3D11_INFO_QUEUE_FILTER_DESC::NumSeverities' 뒤에 추가되었습니다.
C:\Program Files (x86)\Windows Kits\10\Include\10.0.22621.0\um\d3d11sdklayers.h(2164,52): warning C4820: 'D3D11_INFO_QUEUE_FILTER_DESC': '4'바이트 채움 문자가 데이터 멤버 'D3D11_INFO_QUEUE_FILTER_DESC::NumIDs' 뒤에 추가되었습니다.
C:\Program Files (x86)\Windows Kits\10\Include\10.0.22621.0\um\d3d10.h(689,5): warning C4820: 'D3D10_SO_DECLARATION_ENTRY': '1'바이트 채움 문자가 데이터 멤버 'D3D10_SO_DECLARATION_ENTRY::OutputSlot' 뒤에 추가되었습니다.
C:\Program Files (x86)\Windows Kits\10\Include\10.0.22621.0\um\d3d10.h(1021,41): warning C4820: 'D3D10_DEPTH_STENCIL_DESC': '2'바이트 채움 문자가 데이터 멤버 'D3D10_DEPTH_STENCIL_DESC::StencilWriteMask' 뒤에 추가되었습니다.
C:\Program Files (x86)\Windows Kits\10\Include\10.0.22621.0\um\d3d10.h(2219,5): warning C4820: 'D3D10_MAPPED_TEXTURE2D': '4'바이트 채움 문자가 데이터 멤버 'D3D10_MAPPED_TEXTURE2D::RowPitch' 뒤에 추가되었습니다.
C:\Program Files (x86)\Windows Kits\10\Include\10.0.22621.0\um\d3d10.h(4796,5): warning C4820: 'D3D10_QUERY_DATA_TIMESTAMP_DISJOINT': '4'바이트 채움 문자가 데이터 멤버 'D3D10_QUERY_DATA_TIMESTAMP_DISJOINT::Disjoint' 뒤에 추가되었습니다.
C:\Program Files (x86)\Windows Kits\10\Include\10.0.22621.0\um\d3d10.h(4860,5): warning C4820: 'D3D10_COUNTER_INFO': '3'바이트 채움 문자가 데이터 멤버 'D3D10_COUNTER_INFO::NumDetectableParallelUnits' 뒤에 추가되었습니다.
C:\Program Files (x86)\Windows Kits\10\Include\10.0.22621.0\um\d3d10sdklayers.h(909,66): warning C4820: 'D3D10_MESSAGE': '4'바이트 채움 문자가 데이터 멤버 'D3D10_MESSAGE::ID' 뒤에 추가되었습니다.
C:\Program Files (x86)\Windows Kits\10\Include\10.0.22621.0\um\d3d10sdklayers.h(917,71): warning C4820: 'D3D10_INFO_QUEUE_FILTER_DESC': '4'바이트 채움 문자가 데이터 멤버 'D3D10_INFO_QUEUE_FILTER_DESC::NumCategories' 뒤에 추가되었습니다.
C:\Program Files (x86)\Windows Kits\10\Include\10.0.22621.0\um\d3d10sdklayers.h(920,71): warning C4820: 'D3D10_INFO_QUEUE_FILTER_DESC': '4'바이트 채움 문자가 데이터 멤버 'D3D10_INFO_QUEUE_FILTER_DESC::NumSeverities' 뒤에 추가되었습니다.
C:\Program Files (x86)\Windows Kits\10\Include\10.0.22621.0\um\d3d10sdklayers.h(923,52): warning C4820: 'D3D10_INFO_QUEUE_FILTER_DESC': '4'바이트 채움 문자가 데이터 멤버 'D3D10_INFO_QUEUE_FILTER_DESC::NumIDs' 뒤에 추가되었습니다.
C:\Program Files (x86)\Windows Kits\10\Include\10.0.22621.0\um\d3d10shader.h(180,36): warning C4820: '_D3D10_SHADER_DESC': '4'바이트 채움 문자가 데이터 멤버 '_D3D10_SHADER_DESC::Version' 뒤에 추가되었습니다.
C:\Program Files (x86)\Windows Kits\10\Include\10.0.22621.0\um\d3d10shader.h(226,41): warning C4820: '_D3D10_SHADER_VARIABLE_DESC': '4'바이트 채움 문자가 데이터 멤버 '_D3D10_SHADER_VARIABLE_DESC::uFlags' 뒤에 추가되었습니다.
C:\Program Files (x86)\Windows Kits\10\Include\10.0.22621.0\um\d3d10shader.h(251,1): warning C4820: '_D3D10_SHADER_INPUT_BIND_DESC': '4'바이트 채움 문자가 데이터 멤버 '_D3D10_SHADER_INPUT_BIND_DESC::NumSamples' 뒤에 추가되었습니다.
C:\Program Files (x86)\Windows Kits\10\Include\10.0.22621.0\um\d3d10shader.h(267,1): warning C4820: '_D3D10_SIGNATURE_PARAMETER_DESC': '6'바이트 채움 문자가 데이터 멤버 '_D3D10_SIGNATURE_PARAMETER_DESC::ReadWriteMask' 뒤에 추가되었습니다.
C:\Program Files (x86)\Windows Kits\10\Include\10.0.22621.0\um\d3d10effect.h(294,1): warning C4820: '_D3D10_EFFECT_TYPE_DESC': '4'바이트 채움 문자가 데이터 멤버 '_D3D10_EFFECT_TYPE_DESC::Stride' 뒤에 추가되었습니다.
C:\Program Files (x86)\Windows Kits\10\Include\10.0.22621.0\um\d3d10effect.h(893,26): warning C4820: '_D3D10_EFFECT_SHADER_DESC': '4'바이트 채움 문자가 데이터 멤버 '_D3D10_EFFECT_SHADER_DESC::IsInline' 뒤에 추가되었습니다.
C:\Program Files (x86)\Windows Kits\10\Include\10.0.22621.0\um\d3d10effect.h(896,18): warning C4820: '_D3D10_EFFECT_SHADER_DESC': '4'바이트 채움 문자가 데이터 멤버 '_D3D10_EFFECT_SHADER_DESC::BytecodeLength' 뒤에 추가되었습니다.
C:\Program Files (x86)\Windows Kits\10\Include\10.0.22621.0\um\d3d10effect.h(1175,28): warning C4820: '_D3D10_PASS_DESC': '4'바이트 채움 문자가 데이터 멤버 '_D3D10_PASS_DESC::Annotations' 뒤에 추가되었습니다.
C:\Program Files (x86)\Windows Kits\10\Include\10.0.22621.0\um\d3d10effect.h(1205,1): warning C4820: '_D3D10_PASS_SHADER_DESC': '4'바이트 채움 문자가 데이터 멤버 '_D3D10_PASS_SHADER_DESC::ShaderIndex' 뒤에 추가되었습니다.
C:\Program Files (x86)\Windows Kits\10\Include\10.0.22621.0\um\d3d10_1.h(160,5): warning C4820: 'D3D10_RENDER_TARGET_BLEND_DESC1': '3'바이트 채움 문자가 데이터 멤버 'D3D10_RENDER_TARGET_BLEND_DESC1::RenderTargetWriteMask' 뒤에 추가되었습니다.
C:\Program Files (x86)\Windows Kits\10\Include\10.0.22621.0\um\d3d11_1.h(179,5): warning C4820: 'D3D11_RENDER_TARGET_BLEND_DESC1': '3'바이트 채움 문자가 데이터 멤버 'D3D11_RENDER_TARGET_BLEND_DESC1::RenderTargetWriteMask' 뒤에 추가되었습니다.
C:\Program Files (x86)\Windows Kits\10\Include\10.0.22621.0\um\d3d11_1.h(2708,40): warning C4820: 'D3D11_VIDEO_DECODER_BUFFER_DESC1': '4'바이트 채움 문자가 데이터 멤버 'D3D11_VIDEO_DECODER_BUFFER_DESC1::DataSize' 뒤에 추가되었습니다.
C:\Program Files (x86)\Windows Kits\10\Include\10.0.22621.0\um\d3d11_1.h(2711,114): warning C4820: 'D3D11_VIDEO_DECODER_BUFFER_DESC1': '4'바이트 채움 문자가 데이터 멤버 'D3D11_VIDEO_DECODER_BUFFER_DESC1::IVSize' 뒤에 추가되었습니다.
C:\Program Files (x86)\Windows Kits\10\Include\10.0.22621.0\um\d3d11_1.h(2713,5): warning C4820: 'D3D11_VIDEO_DECODER_BUFFER_DESC1': '4'바이트 채움 문자가 데이터 멤버 'D3D11_VIDEO_DECODER_BUFFER_DESC1::SubSampleMappingCount' 뒤에 추가되었습니다.
C:\Program Files (x86)\Windows Kits\10\Include\10.0.22621.0\um\d3d11_1.h(2720,44): warning C4820: 'D3D11_VIDEO_DECODER_BEGIN_FRAME_CRYPTO_SESSION': '4'바이트 채움 문자가 데이터 멤버 'D3D11_VIDEO_DECODER_BEGIN_FRAME_CRYPTO_SESSION::BlobSize' 뒤에 추가되었습니다.
C:\Program Files (x86)\Windows Kits\10\Include\10.0.22621.0\um\d3d11_1.h(2724,58): warning C4820: 'D3D11_VIDEO_DECODER_BEGIN_FRAME_CRYPTO_SESSION': '4'바이트 채움 문자가 데이터 멤버 'D3D11_VIDEO_DECODER_BEGIN_FRAME_CRYPTO_SESSION::PrivateDataSize' 뒤에 추가되었습니다.
C:\Program Files (x86)\Windows Kits\10\Include\10.0.22621.0\um\d3d11_1.h(2774,25): warning C4820: 'D3D11_KEY_EXCHANGE_HW_PROTECTION_OUTPUT_DATA': '4'바이트 채움 문자가 데이터 멤버 'D3D11_KEY_EXCHANGE_HW_PROTECTION_OUTPUT_DATA::HWProtectionDataSize' 뒤에 추가되었습니다.
C:\Program Files (x86)\Windows Kits\10\Include\10.0.22621.0\um\d3d11_1.h(2777,5): warning C4820: 'D3D11_KEY_EXCHANGE_HW_PROTECTION_OUTPUT_DATA': '4'바이트 채움 문자가 데이터 멤버 'D3D11_KEY_EXCHANGE_HW_PROTECTION_OUTPUT_DATA::pbOutput' 뒤에 추가되었습니다.
C:\Program Files (x86)\Windows Kits\10\Include\10.0.22621.0\um\d3d11_1.h(2782,60): warning C4820: 'D3D11_KEY_EXCHANGE_HW_PROTECTION_DATA': '4'바이트 채움 문자가 데이터 멤버 'D3D11_KEY_EXCHANGE_HW_PROTECTION_DATA::HWProtectionFunctionID' 뒤에 추가되었습니다.
C:\Program Files (x86)\Windows Kits\10\Include\10.0.22621.0\um\d3d11_1.h(2785,5): warning C4820: 'D3D11_KEY_EXCHANGE_HW_PROTECTION_DATA': '4'바이트 채움 문자가 데이터 멤버 'D3D11_KEY_EXCHANGE_HW_PROTECTION_DATA::Status' 뒤에 추가되었습니다.
C:\Program Files (x86)\Windows Kits\10\Include\10.0.22621.0\um\d3d11_2.h(143,31): warning C4820: 'D3D11_PACKED_MIP_DESC': '2'바이트 채움 문자가 데이터 멤버 'D3D11_PACKED_MIP_DESC::NumPackedMips' 뒤에 추가되었습니다.
C:\Program Files (x86)\Windows Kits\10\Include\10.0.22621.0\um\d3d11_3.h(1018,1): warning C4061: 열거형 'D3D_SRV_DIMENSION'의 switch에 있는 'D3D_SRV_DIMENSION_UNKNOWN' 열거자는 case 레이블에 의해 명시적으로 처리되지 않습니다.
C:\Program Files (x86)\Windows Kits\10\Include\10.0.22621.0\um\d3dcommon.h(311): message : 'D3D_SRV_DIMENSION' 선언을 참조하십시오.
C:\Program Files (x86)\Windows Kits\10\Include\10.0.22621.0\um\d3d11_3.h(1018,1): warning C4061: 열거형 'D3D_SRV_DIMENSION'의 switch에 있는 'D3D10_SRV_DIMENSION_UNKNOWN' 열거자는 case 레이블에 의해 명시적으로 처리되지 않습니다.
C:\Program Files (x86)\Windows Kits\10\Include\10.0.22621.0\um\d3dcommon.h(311): message : 'D3D_SRV_DIMENSION' 선언을 참조하십시오.
C:\Program Files (x86)\Windows Kits\10\Include\10.0.22621.0\um\d3d11_3.h(1018,1): warning C4061: 열거형 'D3D_SRV_DIMENSION'의 switch에 있는 'D3D10_1_SRV_DIMENSION_UNKNOWN' 열거자는 case 레이블에 의해 명시적으로 처리되지 않습니다.
C:\Program Files (x86)\Windows Kits\10\Include\10.0.22621.0\um\d3dcommon.h(311): message : 'D3D_SRV_DIMENSION' 선언을 참조하십시오.
C:\Program Files (x86)\Windows Kits\10\Include\10.0.22621.0\um\d3d11_3.h(1018,1): warning C4061: 열거형 'D3D_SRV_DIMENSION'의 switch에 있는 'D3D11_SRV_DIMENSION_UNKNOWN' 열거자는 case 레이블에 의해 명시적으로 처리되지 않습니다.
C:\Program Files (x86)\Windows Kits\10\Include\10.0.22621.0\um\d3dcommon.h(311): message : 'D3D_SRV_DIMENSION' 선언을 참조하십시오.
C:\Program Files (x86)\Windows Kits\10\Include\10.0.22621.0\um\d3d11_3.h(1066,1): warning C4061: 열거형 'D3D_SRV_DIMENSION'의 switch에 있는 'D3D_SRV_DIMENSION_UNKNOWN' 열거자는 case 레이블에 의해 명시적으로 처리되지 않습니다.
C:\Program Files (x86)\Windows Kits\10\Include\10.0.22621.0\um\d3dcommon.h(311): message : 'D3D_SRV_DIMENSION' 선언을 참조하십시오.
C:\Program Files (x86)\Windows Kits\10\Include\10.0.22621.0\um\d3d11_3.h(1066,1): warning C4061: 열거형 'D3D_SRV_DIMENSION'의 switch에 있는 'D3D_SRV_DIMENSION_BUFFER' 열거자는 case 레이블에 의해 명시적으로 처리되지 않습니다.
C:\Program Files (x86)\Windows Kits\10\Include\10.0.22621.0\um\d3dcommon.h(311): message : 'D3D_SRV_DIMENSION' 선언을 참조하십시오.
C:\Program Files (x86)\Windows Kits\10\Include\10.0.22621.0\um\d3d11_3.h(1066,1): warning C4061: 열거형 'D3D_SRV_DIMENSION'의 switch에 있는 'D3D_SRV_DIMENSION_TEXTURE2D' 열거자는 case 레이블에 의해 명시적으로 처리되지 않습니다.
C:\Program Files (x86)\Windows Kits\10\Include\10.0.22621.0\um\d3dcommon.h(311): message : 'D3D_SRV_DIMENSION' 선언을 참조하십시오.
C:\Program Files (x86)\Windows Kits\10\Include\10.0.22621.0\um\d3d11_3.h(1066,1): warning C4061: 열거형 'D3D_SRV_DIMENSION'의 switch에 있는 'D3D_SRV_DIMENSION_TEXTURE2DARRAY' 열거자는 case 레이블에 의해 명시적으로 처리되지 않습니다.
C:\Program Files (x86)\Windows Kits\10\Include\10.0.22621.0\um\d3dcommon.h(311): message : 'D3D_SRV_DIMENSION' 선언을 참조하십시오.
C:\Program Files (x86)\Windows Kits\10\Include\10.0.22621.0\um\d3d11_3.h(1066,1): warning C4061: 열거형 'D3D_SRV_DIMENSION'의 switch에 있는 'D3D_SRV_DIMENSION_TEXTURE2DMS' 열거자는 case 레이블에 의해 명시적으로 처리되지 않습니다.
C:\Program Files (x86)\Windows Kits\10\Include\10.0.22621.0\um\d3dcommon.h(311): message : 'D3D_SRV_DIMENSION' 선언을 참조하십시오.
C:\Program Files (x86)\Windows Kits\10\Include\10.0.22621.0\um\d3d11_3.h(1066,1): warning C4061: 열거형 'D3D_SRV_DIMENSION'의 switch에 있는 'D3D_SRV_DIMENSION_TEXTURE2DMSARRAY' 열거자는 case 레이블에 의해 명시적으로 처리되지 않습니다.
C:\Program Files (x86)\Windows Kits\10\Include\10.0.22621.0\um\d3dcommon.h(311): message : 'D3D_SRV_DIMENSION' 선언을 참조하십시오.
C:\Program Files (x86)\Windows Kits\10\Include\10.0.22621.0\um\d3d11_3.h(1066,1): warning C4061: 열거형 'D3D_SRV_DIMENSION'의 switch에 있는 'D3D_SRV_DIMENSION_TEXTURE3D' 열거자는 case 레이블에 의해 명시적으로 처리되지 않습니다.
C:\Program Files (x86)\Windows Kits\10\Include\10.0.22621.0\um\d3dcommon.h(311): message : 'D3D_SRV_DIMENSION' 선언을 참조하십시오.
C:\Program Files (x86)\Windows Kits\10\Include\10.0.22621.0\um\d3d11_3.h(1066,1): warning C4061: 열거형 'D3D_SRV_DIMENSION'의 switch에 있는 'D3D_SRV_DIMENSION_TEXTURECUBE' 열거자는 case 레이블에 의해 명시적으로 처리되지 않습니다.
C:\Program Files (x86)\Windows Kits\10\Include\10.0.22621.0\um\d3dcommon.h(311): message : 'D3D_SRV_DIMENSION' 선언을 참조하십시오.
C:\Program Files (x86)\Windows Kits\10\Include\10.0.22621.0\um\d3d11_3.h(1066,1): warning C4061: 열거형 'D3D_SRV_DIMENSION'의 switch에 있는 'D3D_SRV_DIMENSION_TEXTURECUBEARRAY' 열거자는 case 레이블에 의해 명시적으로 처리되지 않습니다.
C:\Program Files (x86)\Windows Kits\10\Include\10.0.22621.0\um\d3dcommon.h(311): message : 'D3D_SRV_DIMENSION' 선언을 참조하십시오.
C:\Program Files (x86)\Windows Kits\10\Include\10.0.22621.0\um\d3d11_3.h(1066,1): warning C4061: 열거형 'D3D_SRV_DIMENSION'의 switch에 있는 'D3D_SRV_DIMENSION_BUFFEREX' 열거자는 case 레이블에 의해 명시적으로 처리되지 않습니다.
C:\Program Files (x86)\Windows Kits\10\Include\10.0.22621.0\um\d3dcommon.h(311): message : 'D3D_SRV_DIMENSION' 선언을 참조하십시오.
C:\Program Files (x86)\Windows Kits\10\Include\10.0.22621.0\um\d3d11_3.h(1066,1): warning C4061: 열거형 'D3D_SRV_DIMENSION'의 switch에 있는 'D3D10_SRV_DIMENSION_UNKNOWN' 열거자는 case 레이블에 의해 명시적으로 처리되지 않습니다.
C:\Program Files (x86)\Windows Kits\10\Include\10.0.22621.0\um\d3dcommon.h(311): message : 'D3D_SRV_DIMENSION' 선언을 참조하십시오.
C:\Program Files (x86)\Windows Kits\10\Include\10.0.22621.0\um\d3d11_3.h(1066,1): warning C4061: 열거형 'D3D_SRV_DIMENSION'의 switch에 있는 'D3D10_SRV_DIMENSION_BUFFER' 열거자는 case 레이블에 의해 명시적으로 처리되지 않습니다.
C:\Program Files (x86)\Windows Kits\10\Include\10.0.22621.0\um\d3dcommon.h(311): message : 'D3D_SRV_DIMENSION' 선언을 참조하십시오.
C:\Program Files (x86)\Windows Kits\10\Include\10.0.22621.0\um\d3d11_3.h(1066,1): warning C4061: 열거형 'D3D_SRV_DIMENSION'의 switch에 있는 'D3D10_SRV_DIMENSION_TEXTURE2D' 열거자는 case 레이블에 의해 명시적으로 처리되지 않습니다.
C:\Program Files (x86)\Windows Kits\10\Include\10.0.22621.0\um\d3dcommon.h(311): message : 'D3D_SRV_DIMENSION' 선언을 참조하십시오.
C:\Program Files (x86)\Windows Kits\10\Include\10.0.22621.0\um\d3d11_3.h(1066,1): warning C4061: 열거형 'D3D_SRV_DIMENSION'의 switch에 있는 'D3D10_SRV_DIMENSION_TEXTURE2DARRAY' 열거자는 case 레이블에 의해 명시적으로 처리되지 않습니다.
C:\Program Files (x86)\Windows Kits\10\Include\10.0.22621.0\um\d3dcommon.h(311): message : 'D3D_SRV_DIMENSION' 선언을 참조하십시오.
C:\Program Files (x86)\Windows Kits\10\Include\10.0.22621.0\um\d3d11_3.h(1066,1): warning C4061: 열거형 'D3D_SRV_DIMENSION'의 switch에 있는 'D3D10_SRV_DIMENSION_TEXTURE2DMS' 열거자는 case 레이블에 의해 명시적으로 처리되지 않습니다.
C:\Program Files (x86)\Windows Kits\10\Include\10.0.22621.0\um\d3dcommon.h(311): message : 'D3D_SRV_DIMENSION' 선언을 참조하십시오.
C:\Program Files (x86)\Windows Kits\10\Include\10.0.22621.0\um\d3d11_3.h(1066,1): warning C4061: 열거형 'D3D_SRV_DIMENSION'의 switch에 있는 'D3D10_SRV_DIMENSION_TEXTURE2DMSARRAY' 열거자는 case 레이블에 의해 명시적으로 처리되지 않습니다.
C:\Program Files (x86)\Windows Kits\10\Include\10.0.22621.0\um\d3dcommon.h(311): message : 'D3D_SRV_DIMENSION' 선언을 참조하십시오.
C:\Program Files (x86)\Windows Kits\10\Include\10.0.22621.0\um\d3d11_3.h(1066,1): warning C4061: 열거형 'D3D_SRV_DIMENSION'의 switch에 있는 'D3D10_SRV_DIMENSION_TEXTURE3D' 열거자는 case 레이블에 의해 명시적으로 처리되지 않습니다.
C:\Program Files (x86)\Windows Kits\10\Include\10.0.22621.0\um\d3dcommon.h(311): message : 'D3D_SRV_DIMENSION' 선언을 참조하십시오.
C:\Program Files (x86)\Windows Kits\10\Include\10.0.22621.0\um\d3d11_3.h(1066,1): warning C4061: 열거형 'D3D_SRV_DIMENSION'의 switch에 있는 'D3D10_SRV_DIMENSION_TEXTURECUBE' 열거자는 case 레이블에 의해 명시적으로 처리되지 않습니다.
C:\Program Files (x86)\Windows Kits\10\Include\10.0.22621.0\um\d3dcommon.h(311): message : 'D3D_SRV_DIMENSION' 선언을 참조하십시오.
C:\Program Files (x86)\Windows Kits\10\Include\10.0.22621.0\um\d3d11_3.h(1066,1): warning C4061: 열거형 'D3D_SRV_DIMENSION'의 switch에 있는 'D3D10_1_SRV_DIMENSION_UNKNOWN' 열거자는 case 레이블에 의해 명시적으로 처리되지 않습니다.
C:\Program Files (x86)\Windows Kits\10\Include\10.0.22621.0\um\d3dcommon.h(311): message : 'D3D_SRV_DIMENSION' 선언을 참조하십시오.
C:\Program Files (x86)\Windows Kits\10\Include\10.0.22621.0\um\d3d11_3.h(1066,1): warning C4061: 열거형 'D3D_SRV_DIMENSION'의 switch에 있는 'D3D10_1_SRV_DIMENSION_BUFFER' 열거자는 case 레이블에 의해 명시적으로 처리되지 않습니다.
C:\Program Files (x86)\Windows Kits\10\Include\10.0.22621.0\um\d3dcommon.h(311): message : 'D3D_SRV_DIMENSION' 선언을 참조하십시오.
C:\Program Files (x86)\Windows Kits\10\Include\10.0.22621.0\um\d3d11_3.h(1066,1): warning C4061: 열거형 'D3D_SRV_DIMENSION'의 switch에 있는 'D3D10_1_SRV_DIMENSION_TEXTURE2D' 열거자는 case 레이블에 의해 명시적으로 처리되지 않습니다.
C:\Program Files (x86)\Windows Kits\10\Include\10.0.22621.0\um\d3dcommon.h(311): message : 'D3D_SRV_DIMENSION' 선언을 참조하십시오.
C:\Program Files (x86)\Windows Kits\10\Include\10.0.22621.0\um\d3d11_3.h(1066,1): warning C4061: 열거형 'D3D_SRV_DIMENSION'의 switch에 있는 'D3D10_1_SRV_DIMENSION_TEXTURE2DARRAY' 열거자는 case 레이블에 의해 명시적으로 처리되지 않습니다.
C:\Program Files (x86)\Windows Kits\10\Include\10.0.22621.0\um\d3dcommon.h(311): message : 'D3D_SRV_DIMENSION' 선언을 참조하십시오.
C:\Program Files (x86)\Windows Kits\10\Include\10.0.22621.0\um\d3d11_3.h(1066,1): warning C4061: 열거형 'D3D_SRV_DIMENSION'의 switch에 있는 'D3D10_1_SRV_DIMENSION_TEXTURE2DMS' 열거자는 case 레이블에 의해 명시적으로 처리되지 않습니다.
C:\Program Files (x86)\Windows Kits\10\Include\10.0.22621.0\um\d3dcommon.h(311): message : 'D3D_SRV_DIMENSION' 선언을 참조하십시오.
C:\Program Files (x86)\Windows Kits\10\Include\10.0.22621.0\um\d3d11_3.h(1066,1): warning C4061: 열거형 'D3D_SRV_DIMENSION'의 switch에 있는 'D3D10_1_SRV_DIMENSION_TEXTURE2DMSARRAY' 열거자는 case 레이블에 의해 명시적으로 처리되지 않습니다.
C:\Program Files (x86)\Windows Kits\10\Include\10.0.22621.0\um\d3dcommon.h(311): message : 'D3D_SRV_DIMENSION' 선언을 참조하십시오.
C:\Program Files (x86)\Windows Kits\10\Include\10.0.22621.0\um\d3d11_3.h(1066,1): warning C4061: 열거형 'D3D_SRV_DIMENSION'의 switch에 있는 'D3D10_1_SRV_DIMENSION_TEXTURE3D' 열거자는 case 레이블에 의해 명시적으로 처리되지 않습니다.
C:\Program Files (x86)\Windows Kits\10\Include\10.0.22621.0\um\d3dcommon.h(311): message : 'D3D_SRV_DIMENSION' 선언을 참조하십시오.
C:\Program Files (x86)\Windows Kits\10\Include\10.0.22621.0\um\d3d11_3.h(1066,1): warning C4061: 열거형 'D3D_SRV_DIMENSION'의 switch에 있는 'D3D10_1_SRV_DIMENSION_TEXTURECUBE' 열거자는 case 레이블에 의해 명시적으로 처리되지 않습니다.
C:\Program Files (x86)\Windows Kits\10\Include\10.0.22621.0\um\d3dcommon.h(311): message : 'D3D_SRV_DIMENSION' 선언을 참조하십시오.
C:\Program Files (x86)\Windows Kits\10\Include\10.0.22621.0\um\d3d11_3.h(1066,1): warning C4061: 열거형 'D3D_SRV_DIMENSION'의 switch에 있는 'D3D10_1_SRV_DIMENSION_TEXTURECUBEARRAY' 열거자는 case 레이블에 의해 명시적으로 처리되지 않습니다.
C:\Program Files (x86)\Windows Kits\10\Include\10.0.22621.0\um\d3dcommon.h(311): message : 'D3D_SRV_DIMENSION' 선언을 참조하십시오.
C:\Program Files (x86)\Windows Kits\10\Include\10.0.22621.0\um\d3d11_3.h(1066,1): warning C4061: 열거형 'D3D_SRV_DIMENSION'의 switch에 있는 'D3D11_SRV_DIMENSION_UNKNOWN' 열거자는 case 레이블에 의해 명시적으로 처리되지 않습니다.
C:\Program Files (x86)\Windows Kits\10\Include\10.0.22621.0\um\d3dcommon.h(311): message : 'D3D_SRV_DIMENSION' 선언을 참조하십시오.
C:\Program Files (x86)\Windows Kits\10\Include\10.0.22621.0\um\d3d11_3.h(1066,1): warning C4061: 열거형 'D3D_SRV_DIMENSION'의 switch에 있는 'D3D11_SRV_DIMENSION_BUFFER' 열거자는 case 레이블에 의해 명시적으로 처리되지 않습니다.
C:\Program Files (x86)\Windows Kits\10\Include\10.0.22621.0\um\d3dcommon.h(311): message : 'D3D_SRV_DIMENSION' 선언을 참조하십시오.
C:\Program Files (x86)\Windows Kits\10\Include\10.0.22621.0\um\d3d11_3.h(1066,1): warning C4061: 열거형 'D3D_SRV_DIMENSION'의 switch에 있는 'D3D11_SRV_DIMENSION_TEXTURE2D' 열거자는 case 레이블에 의해 명시적으로 처리되지 않습니다.
C:\Program Files (x86)\Windows Kits\10\Include\10.0.22621.0\um\d3dcommon.h(311): message : 'D3D_SRV_DIMENSION' 선언을 참조하십시오.
C:\Program Files (x86)\Windows Kits\10\Include\10.0.22621.0\um\d3d11_3.h(1066,1): warning C4061: 열거형 'D3D_SRV_DIMENSION'의 switch에 있는 'D3D11_SRV_DIMENSION_TEXTURE2DARRAY' 열거자는 case 레이블에 의해 명시적으로 처리되지 않습니다.
C:\Program Files (x86)\Windows Kits\10\Include\10.0.22621.0\um\d3dcommon.h(311): message : 'D3D_SRV_DIMENSION' 선언을 참조하십시오.
C:\Program Files (x86)\Windows Kits\10\Include\10.0.22621.0\um\d3d11_3.h(1066,1): warning C4061: 열거형 'D3D_SRV_DIMENSION'의 switch에 있는 'D3D11_SRV_DIMENSION_TEXTURE2DMS' 열거자는 case 레이블에 의해 명시적으로 처리되지 않습니다.
C:\Program Files (x86)\Windows Kits\10\Include\10.0.22621.0\um\d3dcommon.h(311): message : 'D3D_SRV_DIMENSION' 선언을 참조하십시오.
C:\Program Files (x86)\Windows Kits\10\Include\10.0.22621.0\um\d3d11_3.h(1066,1): warning C4061: 열거형 'D3D_SRV_DIMENSION'의 switch에 있는 'D3D11_SRV_DIMENSION_TEXTURE2DMSARRAY' 열거자는 case 레이블에 의해 명시적으로 처리되지 않습니다.
C:\Program Files (x86)\Windows Kits\10\Include\10.0.22621.0\um\d3dcommon.h(311): message : 'D3D_SRV_DIMENSION' 선언을 참조하십시오.
C:\Program Files (x86)\Windows Kits\10\Include\10.0.22621.0\um\d3d11_3.h(1066,1): warning C4061: 열거형 'D3D_SRV_DIMENSION'의 switch에 있는 'D3D11_SRV_DIMENSION_TEXTURE3D' 열거자는 case 레이블에 의해 명시적으로 처리되지 않습니다.
C:\Program Files (x86)\Windows Kits\10\Include\10.0.22621.0\um\d3dcommon.h(311): message : 'D3D_SRV_DIMENSION' 선언을 참조하십시오.
C:\Program Files (x86)\Windows Kits\10\Include\10.0.22621.0\um\d3d11_3.h(1066,1): warning C4061: 열거형 'D3D_SRV_DIMENSION'의 switch에 있는 'D3D11_SRV_DIMENSION_TEXTURECUBE' 열거자는 case 레이블에 의해 명시적으로 처리되지 않습니다.
C:\Program Files (x86)\Windows Kits\10\Include\10.0.22621.0\um\d3dcommon.h(311): message : 'D3D_SRV_DIMENSION' 선언을 참조하십시오.
C:\Program Files (x86)\Windows Kits\10\Include\10.0.22621.0\um\d3d11_3.h(1066,1): warning C4061: 열거형 'D3D_SRV_DIMENSION'의 switch에 있는 'D3D11_SRV_DIMENSION_TEXTURECUBEARRAY' 열거자는 case 레이블에 의해 명시적으로 처리되지 않습니다.
C:\Program Files (x86)\Windows Kits\10\Include\10.0.22621.0\um\d3dcommon.h(311): message : 'D3D_SRV_DIMENSION' 선언을 참조하십시오.
C:\Program Files (x86)\Windows Kits\10\Include\10.0.22621.0\um\d3d11_3.h(1066,1): warning C4061: 열거형 'D3D_SRV_DIMENSION'의 switch에 있는 'D3D11_SRV_DIMENSION_BUFFEREX' 열거자는 case 레이블에 의해 명시적으로 처리되지 않습니다.
C:\Program Files (x86)\Windows Kits\10\Include\10.0.22621.0\um\d3dcommon.h(311): message : 'D3D_SRV_DIMENSION' 선언을 참조하십시오.
C:\Program Files (x86)\Windows Kits\10\Include\10.0.22621.0\um\d3d11_3.h(1130,1): warning C4061: 열거형 'D3D_SRV_DIMENSION'의 switch에 있는 'D3D_SRV_DIMENSION_UNKNOWN' 열거자는 case 레이블에 의해 명시적으로 처리되지 않습니다.
C:\Program Files (x86)\Windows Kits\10\Include\10.0.22621.0\um\d3dcommon.h(311): message : 'D3D_SRV_DIMENSION' 선언을 참조하십시오.
C:\Program Files (x86)\Windows Kits\10\Include\10.0.22621.0\um\d3d11_3.h(1130,1): warning C4061: 열거형 'D3D_SRV_DIMENSION'의 switch에 있는 'D3D_SRV_DIMENSION_BUFFER' 열거자는 case 레이블에 의해 명시적으로 처리되지 않습니다.
C:\Program Files (x86)\Windows Kits\10\Include\10.0.22621.0\um\d3dcommon.h(311): message : 'D3D_SRV_DIMENSION' 선언을 참조하십시오.
C:\Program Files (x86)\Windows Kits\10\Include\10.0.22621.0\um\d3d11_3.h(1130,1): warning C4061: 열거형 'D3D_SRV_DIMENSION'의 switch에 있는 'D3D_SRV_DIMENSION_TEXTURE1D' 열거자는 case 레이블에 의해 명시적으로 처리되지 않습니다.
C:\Program Files (x86)\Windows Kits\10\Include\10.0.22621.0\um\d3dcommon.h(311): message : 'D3D_SRV_DIMENSION' 선언을 참조하십시오.
C:\Program Files (x86)\Windows Kits\10\Include\10.0.22621.0\um\d3d11_3.h(1130,1): warning C4061: 열거형 'D3D_SRV_DIMENSION'의 switch에 있는 'D3D_SRV_DIMENSION_TEXTURE1DARRAY' 열거자는 case 레이블에 의해 명시적으로 처리되지 않습니다.
C:\Program Files (x86)\Windows Kits\10\Include\10.0.22621.0\um\d3dcommon.h(311): message : 'D3D_SRV_DIMENSION' 선언을 참조하십시오.
C:\Program Files (x86)\Windows Kits\10\Include\10.0.22621.0\um\d3d11_3.h(1130,1): warning C4061: 열거형 'D3D_SRV_DIMENSION'의 switch에 있는 'D3D_SRV_DIMENSION_TEXTURE3D' 열거자는 case 레이블에 의해 명시적으로 처리되지 않습니다.
C:\Program Files (x86)\Windows Kits\10\Include\10.0.22621.0\um\d3dcommon.h(311): message : 'D3D_SRV_DIMENSION' 선언을 참조하십시오.
C:\Program Files (x86)\Windows Kits\10\Include\10.0.22621.0\um\d3d11_3.h(1130,1): warning C4061: 열거형 'D3D_SRV_DIMENSION'의 switch에 있는 'D3D_SRV_DIMENSION_BUFFEREX' 열거자는 case 레이블에 의해 명시적으로 처리되지 않습니다.
C:\Program Files (x86)\Windows Kits\10\Include\10.0.22621.0\um\d3dcommon.h(311): message : 'D3D_SRV_DIMENSION' 선언을 참조하십시오.
C:\Program Files (x86)\Windows Kits\10\Include\10.0.22621.0\um\d3d11_3.h(1130,1): warning C4061: 열거형 'D3D_SRV_DIMENSION'의 switch에 있는 'D3D10_SRV_DIMENSION_UNKNOWN' 열거자는 case 레이블에 의해 명시적으로 처리되지 않습니다.
C:\Program Files (x86)\Windows Kits\10\Include\10.0.22621.0\um\d3dcommon.h(311): message : 'D3D_SRV_DIMENSION' 선언을 참조하십시오.
C:\Program Files (x86)\Windows Kits\10\Include\10.0.22621.0\um\d3d11_3.h(1130,1): warning C4061: 열거형 'D3D_SRV_DIMENSION'의 switch에 있는 'D3D10_SRV_DIMENSION_BUFFER' 열거자는 case 레이블에 의해 명시적으로 처리되지 않습니다.
C:\Program Files (x86)\Windows Kits\10\Include\10.0.22621.0\um\d3dcommon.h(311): message : 'D3D_SRV_DIMENSION' 선언을 참조하십시오.
C:\Program Files (x86)\Windows Kits\10\Include\10.0.22621.0\um\d3d11_3.h(1130,1): warning C4061: 열거형 'D3D_SRV_DIMENSION'의 switch에 있는 'D3D10_SRV_DIMENSION_TEXTURE1D' 열거자는 case 레이블에 의해 명시적으로 처리되지 않습니다.
C:\Program Files (x86)\Windows Kits\10\Include\10.0.22621.0\um\d3dcommon.h(311): message : 'D3D_SRV_DIMENSION' 선언을 참조하십시오.
C:\Program Files (x86)\Windows Kits\10\Include\10.0.22621.0\um\d3d11_3.h(1130,1): warning C4061: 열거형 'D3D_SRV_DIMENSION'의 switch에 있는 'D3D10_SRV_DIMENSION_TEXTURE1DARRAY' 열거자는 case 레이블에 의해 명시적으로 처리되지 않습니다.
C:\Program Files (x86)\Windows Kits\10\Include\10.0.22621.0\um\d3dcommon.h(311): message : 'D3D_SRV_DIMENSION' 선언을 참조하십시오.
C:\Program Files (x86)\Windows Kits\10\Include\10.0.22621.0\um\d3d11_3.h(1130,1): warning C4061: 열거형 'D3D_SRV_DIMENSION'의 switch에 있는 'D3D10_SRV_DIMENSION_TEXTURE3D' 열거자는 case 레이블에 의해 명시적으로 처리되지 않습니다.
C:\Program Files (x86)\Windows Kits\10\Include\10.0.22621.0\um\d3dcommon.h(311): message : 'D3D_SRV_DIMENSION' 선언을 참조하십시오.
C:\Program Files (x86)\Windows Kits\10\Include\10.0.22621.0\um\d3d11_3.h(1130,1): warning C4061: 열거형 'D3D_SRV_DIMENSION'의 switch에 있는 'D3D10_1_SRV_DIMENSION_UNKNOWN' 열거자는 case 레이블에 의해 명시적으로 처리되지 않습니다.
C:\Program Files (x86)\Windows Kits\10\Include\10.0.22621.0\um\d3dcommon.h(311): message : 'D3D_SRV_DIMENSION' 선언을 참조하십시오.
C:\Program Files (x86)\Windows Kits\10\Include\10.0.22621.0\um\d3d11_3.h(1130,1): warning C4061: 열거형 'D3D_SRV_DIMENSION'의 switch에 있는 'D3D10_1_SRV_DIMENSION_BUFFER' 열거자는 case 레이블에 의해 명시적으로 처리되지 않습니다.
C:\Program Files (x86)\Windows Kits\10\Include\10.0.22621.0\um\d3dcommon.h(311): message : 'D3D_SRV_DIMENSION' 선언을 참조하십시오.
C:\Program Files (x86)\Windows Kits\10\Include\10.0.22621.0\um\d3d11_3.h(1130,1): warning C4061: 열거형 'D3D_SRV_DIMENSION'의 switch에 있는 'D3D10_1_SRV_DIMENSION_TEXTURE1D' 열거자는 case 레이블에 의해 명시적으로 처리되지 않습니다.
C:\Program Files (x86)\Windows Kits\10\Include\10.0.22621.0\um\d3dcommon.h(311): message : 'D3D_SRV_DIMENSION' 선언을 참조하십시오.
C:\Program Files (x86)\Windows Kits\10\Include\10.0.22621.0\um\d3d11_3.h(1130,1): warning C4061: 열거형 'D3D_SRV_DIMENSION'의 switch에 있는 'D3D10_1_SRV_DIMENSION_TEXTURE1DARRAY' 열거자는 case 레이블에 의해 명시적으로 처리되지 않습니다.
C:\Program Files (x86)\Windows Kits\10\Include\10.0.22621.0\um\d3dcommon.h(311): message : 'D3D_SRV_DIMENSION' 선언을 참조하십시오.
C:\Program Files (x86)\Windows Kits\10\Include\10.0.22621.0\um\d3d11_3.h(1130,1): warning C4061: 열거형 'D3D_SRV_DIMENSION'의 switch에 있는 'D3D10_1_SRV_DIMENSION_TEXTURE3D' 열거자는 case 레이블에 의해 명시적으로 처리되지 않습니다.
C:\Program Files (x86)\Windows Kits\10\Include\10.0.22621.0\um\d3dcommon.h(311): message : 'D3D_SRV_DIMENSION' 선언을 참조하십시오.
C:\Program Files (x86)\Windows Kits\10\Include\10.0.22621.0\um\d3d11_3.h(1130,1): warning C4061: 열거형 'D3D_SRV_DIMENSION'의 switch에 있는 'D3D11_SRV_DIMENSION_UNKNOWN' 열거자는 case 레이블에 의해 명시적으로 처리되지 않습니다.
C:\Program Files (x86)\Windows Kits\10\Include\10.0.22621.0\um\d3dcommon.h(311): message : 'D3D_SRV_DIMENSION' 선언을 참조하십시오.
C:\Program Files (x86)\Windows Kits\10\Include\10.0.22621.0\um\d3d11_3.h(1130,1): warning C4061: 열거형 'D3D_SRV_DIMENSION'의 switch에 있는 'D3D11_SRV_DIMENSION_BUFFER' 열거자는 case 레이블에 의해 명시적으로 처리되지 않습니다.
C:\Program Files (x86)\Windows Kits\10\Include\10.0.22621.0\um\d3dcommon.h(311): message : 'D3D_SRV_DIMENSION' 선언을 참조하십시오.
C:\Program Files (x86)\Windows Kits\10\Include\10.0.22621.0\um\d3d11_3.h(1130,1): warning C4061: 열거형 'D3D_SRV_DIMENSION'의 switch에 있는 'D3D11_SRV_DIMENSION_TEXTURE1D' 열거자는 case 레이블에 의해 명시적으로 처리되지 않습니다.
C:\Program Files (x86)\Windows Kits\10\Include\10.0.22621.0\um\d3dcommon.h(311): message : 'D3D_SRV_DIMENSION' 선언을 참조하십시오.
C:\Program Files (x86)\Windows Kits\10\Include\10.0.22621.0\um\d3d11_3.h(1130,1): warning C4061: 열거형 'D3D_SRV_DIMENSION'의 switch에 있는 'D3D11_SRV_DIMENSION_TEXTURE1DARRAY' 열거자는 case 레이블에 의해 명시적으로 처리되지 않습니다.
C:\Program Files (x86)\Windows Kits\10\Include\10.0.22621.0\um\d3dcommon.h(311): message : 'D3D_SRV_DIMENSION' 선언을 참조하십시오.
C:\Program Files (x86)\Windows Kits\10\Include\10.0.22621.0\um\d3d11_3.h(1130,1): warning C4061: 열거형 'D3D_SRV_DIMENSION'의 switch에 있는 'D3D11_SRV_DIMENSION_TEXTURE3D' 열거자는 case 레이블에 의해 명시적으로 처리되지 않습니다.
C:\Program Files (x86)\Windows Kits\10\Include\10.0.22621.0\um\d3dcommon.h(311): message : 'D3D_SRV_DIMENSION' 선언을 참조하십시오.
C:\Program Files (x86)\Windows Kits\10\Include\10.0.22621.0\um\d3d11_3.h(1130,1): warning C4061: 열거형 'D3D_SRV_DIMENSION'의 switch에 있는 'D3D11_SRV_DIMENSION_BUFFEREX' 열거자는 case 레이블에 의해 명시적으로 처리되지 않습니다.
C:\Program Files (x86)\Windows Kits\10\Include\10.0.22621.0\um\d3dcommon.h(311): message : 'D3D_SRV_DIMENSION' 선언을 참조하십시오.
C:\Program Files (x86)\Windows Kits\10\Include\10.0.22621.0\um\d3d11_3.h(1400,1): warning C4061: 열거형 'D3D11_RTV_DIMENSION'의 switch에 있는 'D3D11_RTV_DIMENSION_UNKNOWN' 열거자는 case 레이블에 의해 명시적으로 처리되지 않습니다.
C:\Program Files (x86)\Windows Kits\10\Include\10.0.22621.0\um\d3d11.h(1191): message : 'D3D11_RTV_DIMENSION' 선언을 참조하십시오.
C:\Program Files (x86)\Windows Kits\10\Include\10.0.22621.0\um\d3d11_3.h(1442,1): warning C4061: 열거형 'D3D11_RTV_DIMENSION'의 switch에 있는 'D3D11_RTV_DIMENSION_UNKNOWN' 열거자는 case 레이블에 의해 명시적으로 처리되지 않습니다.
C:\Program Files (x86)\Windows Kits\10\Include\10.0.22621.0\um\d3d11.h(1191): message : 'D3D11_RTV_DIMENSION' 선언을 참조하십시오.
C:\Program Files (x86)\Windows Kits\10\Include\10.0.22621.0\um\d3d11_3.h(1442,1): warning C4061: 열거형 'D3D11_RTV_DIMENSION'의 switch에 있는 'D3D11_RTV_DIMENSION_BUFFER' 열거자는 case 레이블에 의해 명시적으로 처리되지 않습니다.
C:\Program Files (x86)\Windows Kits\10\Include\10.0.22621.0\um\d3d11.h(1191): message : 'D3D11_RTV_DIMENSION' 선언을 참조하십시오.
C:\Program Files (x86)\Windows Kits\10\Include\10.0.22621.0\um\d3d11_3.h(1442,1): warning C4061: 열거형 'D3D11_RTV_DIMENSION'의 switch에 있는 'D3D11_RTV_DIMENSION_TEXTURE2D' 열거자는 case 레이블에 의해 명시적으로 처리되지 않습니다.
C:\Program Files (x86)\Windows Kits\10\Include\10.0.22621.0\um\d3d11.h(1191): message : 'D3D11_RTV_DIMENSION' 선언을 참조하십시오.
C:\Program Files (x86)\Windows Kits\10\Include\10.0.22621.0\um\d3d11_3.h(1442,1): warning C4061: 열거형 'D3D11_RTV_DIMENSION'의 switch에 있는 'D3D11_RTV_DIMENSION_TEXTURE2DARRAY' 열거자는 case 레이블에 의해 명시적으로 처리되지 않습니다.
C:\Program Files (x86)\Windows Kits\10\Include\10.0.22621.0\um\d3d11.h(1191): message : 'D3D11_RTV_DIMENSION' 선언을 참조하십시오.
C:\Program Files (x86)\Windows Kits\10\Include\10.0.22621.0\um\d3d11_3.h(1442,1): warning C4061: 열거형 'D3D11_RTV_DIMENSION'의 switch에 있는 'D3D11_RTV_DIMENSION_TEXTURE2DMS' 열거자는 case 레이블에 의해 명시적으로 처리되지 않습니다.
C:\Program Files (x86)\Windows Kits\10\Include\10.0.22621.0\um\d3d11.h(1191): message : 'D3D11_RTV_DIMENSION' 선언을 참조하십시오.
C:\Program Files (x86)\Windows Kits\10\Include\10.0.22621.0\um\d3d11_3.h(1442,1): warning C4061: 열거형 'D3D11_RTV_DIMENSION'의 switch에 있는 'D3D11_RTV_DIMENSION_TEXTURE2DMSARRAY' 열거자는 case 레이블에 의해 명시적으로 처리되지 않습니다.
C:\Program Files (x86)\Windows Kits\10\Include\10.0.22621.0\um\d3d11.h(1191): message : 'D3D11_RTV_DIMENSION' 선언을 참조하십시오.
C:\Program Files (x86)\Windows Kits\10\Include\10.0.22621.0\um\d3d11_3.h(1442,1): warning C4061: 열거형 'D3D11_RTV_DIMENSION'의 switch에 있는 'D3D11_RTV_DIMENSION_TEXTURE3D' 열거자는 case 레이블에 의해 명시적으로 처리되지 않습니다.
C:\Program Files (x86)\Windows Kits\10\Include\10.0.22621.0\um\d3d11.h(1191): message : 'D3D11_RTV_DIMENSION' 선언을 참조하십시오.
C:\Program Files (x86)\Windows Kits\10\Include\10.0.22621.0\um\d3d11_3.h(1484,1): warning C4061: 열거형 'D3D11_RTV_DIMENSION'의 switch에 있는 'D3D11_RTV_DIMENSION_UNKNOWN' 열거자는 case 레이블에 의해 명시적으로 처리되지 않습니다.
C:\Program Files (x86)\Windows Kits\10\Include\10.0.22621.0\um\d3d11.h(1191): message : 'D3D11_RTV_DIMENSION' 선언을 참조하십시오.
C:\Program Files (x86)\Windows Kits\10\Include\10.0.22621.0\um\d3d11_3.h(1484,1): warning C4061: 열거형 'D3D11_RTV_DIMENSION'의 switch에 있는 'D3D11_RTV_DIMENSION_BUFFER' 열거자는 case 레이블에 의해 명시적으로 처리되지 않습니다.
C:\Program Files (x86)\Windows Kits\10\Include\10.0.22621.0\um\d3d11.h(1191): message : 'D3D11_RTV_DIMENSION' 선언을 참조하십시오.
C:\Program Files (x86)\Windows Kits\10\Include\10.0.22621.0\um\d3d11_3.h(1484,1): warning C4061: 열거형 'D3D11_RTV_DIMENSION'의 switch에 있는 'D3D11_RTV_DIMENSION_TEXTURE1D' 열거자는 case 레이블에 의해 명시적으로 처리되지 않습니다.
C:\Program Files (x86)\Windows Kits\10\Include\10.0.22621.0\um\d3d11.h(1191): message : 'D3D11_RTV_DIMENSION' 선언을 참조하십시오.
C:\Program Files (x86)\Windows Kits\10\Include\10.0.22621.0\um\d3d11_3.h(1484,1): warning C4061: 열거형 'D3D11_RTV_DIMENSION'의 switch에 있는 'D3D11_RTV_DIMENSION_TEXTURE1DARRAY' 열거자는 case 레이블에 의해 명시적으로 처리되지 않습니다.
C:\Program Files (x86)\Windows Kits\10\Include\10.0.22621.0\um\d3d11.h(1191): message : 'D3D11_RTV_DIMENSION' 선언을 참조하십시오.
C:\Program Files (x86)\Windows Kits\10\Include\10.0.22621.0\um\d3d11_3.h(1484,1): warning C4061: 열거형 'D3D11_RTV_DIMENSION'의 switch에 있는 'D3D11_RTV_DIMENSION_TEXTURE3D' 열거자는 case 레이블에 의해 명시적으로 처리되지 않습니다.
C:\Program Files (x86)\Windows Kits\10\Include\10.0.22621.0\um\d3d11.h(1191): message : 'D3D11_RTV_DIMENSION' 선언을 참조하십시오.
C:\Program Files (x86)\Windows Kits\10\Include\10.0.22621.0\um\d3d11_3.h(1750,1): warning C4061: 열거형 'D3D11_UAV_DIMENSION'의 switch에 있는 'D3D11_UAV_DIMENSION_UNKNOWN' 열거자는 case 레이블에 의해 명시적으로 처리되지 않습니다.
C:\Program Files (x86)\Windows Kits\10\Include\10.0.22621.0\um\d3d11.h(1205): message : 'D3D11_UAV_DIMENSION' 선언을 참조하십시오.
C:\Program Files (x86)\Windows Kits\10\Include\10.0.22621.0\um\d3d11_3.h(1794,1): warning C4061: 열거형 'D3D11_UAV_DIMENSION'의 switch에 있는 'D3D11_UAV_DIMENSION_UNKNOWN' 열거자는 case 레이블에 의해 명시적으로 처리되지 않습니다.
C:\Program Files (x86)\Windows Kits\10\Include\10.0.22621.0\um\d3d11.h(1205): message : 'D3D11_UAV_DIMENSION' 선언을 참조하십시오.
C:\Program Files (x86)\Windows Kits\10\Include\10.0.22621.0\um\d3d11_3.h(1794,1): warning C4061: 열거형 'D3D11_UAV_DIMENSION'의 switch에 있는 'D3D11_UAV_DIMENSION_BUFFER' 열거자는 case 레이블에 의해 명시적으로 처리되지 않습니다.
C:\Program Files (x86)\Windows Kits\10\Include\10.0.22621.0\um\d3d11.h(1205): message : 'D3D11_UAV_DIMENSION' 선언을 참조하십시오.
C:\Program Files (x86)\Windows Kits\10\Include\10.0.22621.0\um\d3d11_3.h(1794,1): warning C4061: 열거형 'D3D11_UAV_DIMENSION'의 switch에 있는 'D3D11_UAV_DIMENSION_TEXTURE2D' 열거자는 case 레이블에 의해 명시적으로 처리되지 않습니다.
C:\Program Files (x86)\Windows Kits\10\Include\10.0.22621.0\um\d3d11.h(1205): message : 'D3D11_UAV_DIMENSION' 선언을 참조하십시오.
C:\Program Files (x86)\Windows Kits\10\Include\10.0.22621.0\um\d3d11_3.h(1794,1): warning C4061: 열거형 'D3D11_UAV_DIMENSION'의 switch에 있는 'D3D11_UAV_DIMENSION_TEXTURE2DARRAY' 열거자는 case 레이블에 의해 명시적으로 처리되지 않습니다.
C:\Program Files (x86)\Windows Kits\10\Include\10.0.22621.0\um\d3d11.h(1205): message : 'D3D11_UAV_DIMENSION' 선언을 참조하십시오.
C:\Program Files (x86)\Windows Kits\10\Include\10.0.22621.0\um\d3d11_3.h(1794,1): warning C4061: 열거형 'D3D11_UAV_DIMENSION'의 switch에 있는 'D3D11_UAV_DIMENSION_TEXTURE3D' 열거자는 case 레이블에 의해 명시적으로 처리되지 않습니다.
C:\Program Files (x86)\Windows Kits\10\Include\10.0.22621.0\um\d3d11.h(1205): message : 'D3D11_UAV_DIMENSION' 선언을 참조하십시오.
C:\Program Files (x86)\Windows Kits\10\Include\10.0.22621.0\um\d3d11_3.h(1828,1): warning C4061: 열거형 'D3D11_UAV_DIMENSION'의 switch에 있는 'D3D11_UAV_DIMENSION_UNKNOWN' 열거자는 case 레이블에 의해 명시적으로 처리되지 않습니다.
C:\Program Files (x86)\Windows Kits\10\Include\10.0.22621.0\um\d3d11.h(1205): message : 'D3D11_UAV_DIMENSION' 선언을 참조하십시오.
C:\Program Files (x86)\Windows Kits\10\Include\10.0.22621.0\um\d3d11_3.h(1828,1): warning C4061: 열거형 'D3D11_UAV_DIMENSION'의 switch에 있는 'D3D11_UAV_DIMENSION_BUFFER' 열거자는 case 레이블에 의해 명시적으로 처리되지 않습니다.
C:\Program Files (x86)\Windows Kits\10\Include\10.0.22621.0\um\d3d11.h(1205): message : 'D3D11_UAV_DIMENSION' 선언을 참조하십시오.
C:\Program Files (x86)\Windows Kits\10\Include\10.0.22621.0\um\d3d11_3.h(1828,1): warning C4061: 열거형 'D3D11_UAV_DIMENSION'의 switch에 있는 'D3D11_UAV_DIMENSION_TEXTURE1D' 열거자는 case 레이블에 의해 명시적으로 처리되지 않습니다.
C:\Program Files (x86)\Windows Kits\10\Include\10.0.22621.0\um\d3d11.h(1205): message : 'D3D11_UAV_DIMENSION' 선언을 참조하십시오.
C:\Program Files (x86)\Windows Kits\10\Include\10.0.22621.0\um\d3d11_3.h(1828,1): warning C4061: 열거형 'D3D11_UAV_DIMENSION'의 switch에 있는 'D3D11_UAV_DIMENSION_TEXTURE1DARRAY' 열거자는 case 레이블에 의해 명시적으로 처리되지 않습니다.
C:\Program Files (x86)\Windows Kits\10\Include\10.0.22621.0\um\d3d11.h(1205): message : 'D3D11_UAV_DIMENSION' 선언을 참조하십시오.
C:\Program Files (x86)\Windows Kits\10\Include\10.0.22621.0\um\d3d11_3.h(1828,1): warning C4061: 열거형 'D3D11_UAV_DIMENSION'의 switch에 있는 'D3D11_UAV_DIMENSION_TEXTURE3D' 열거자는 case 레이블에 의해 명시적으로 처리되지 않습니다.
C:\Program Files (x86)\Windows Kits\10\Include\10.0.22621.0\um\d3d11.h(1205): message : 'D3D11_UAV_DIMENSION' 선언을 참조하십시오.
C:\Program Files (x86)\Windows Kits\10\Include\10.0.22621.0\um\d3d11_4.h(3786,40): warning C4820: 'D3D11_VIDEO_DECODER_BUFFER_DESC2': '4'바이트 채움 문자가 데이터 멤버 'D3D11_VIDEO_DECODER_BUFFER_DESC2::DataSize' 뒤에 추가되었습니다.
C:\Program Files (x86)\Windows Kits\10\Include\10.0.22621.0\um\d3d11_4.h(3789,114): warning C4820: 'D3D11_VIDEO_DECODER_BUFFER_DESC2': '4'바이트 채움 문자가 데이터 멤버 'D3D11_VIDEO_DECODER_BUFFER_DESC2::IVSize' 뒤에 추가되었습니다.
C:\Program Files (x86)\Windows Kits\10\Include\10.0.22621.0\um\d3d11_4.h(3793,5): warning C4820: 'D3D11_VIDEO_DECODER_BUFFER_DESC2': '4'바이트 채움 문자가 데이터 멤버 'D3D11_VIDEO_DECODER_BUFFER_DESC2::cBlocksStripeClear' 뒤에 추가되었습니다.
C:\Program Files (x86)\Windows Kits\10\Include\10.0.22621.0\um\DirectXMath.h(22,127): warning C4668: '_MANAGED'은(는) 전처리기 매크로로 정의되어 있지 않으므로 '#if/#elif'에 해당하는 '0'으로 바뀝니다.
C:\Program Files (x86)\Windows Kits\10\Include\10.0.22621.0\um\DirectXMath.h(22,142): warning C4668: '_M_CEE'은(는) 전처리기 매크로로 정의되어 있지 않으므로 '#if/#elif'에 해당하는 '0'으로 바뀝니다.
C:\Program Files (x86)\Windows Kits\10\Include\10.0.22621.0\um\DirectXMath.h(281,100): warning C4668: '__arm__'은(는) 전처리기 매크로로 정의되어 있지 않으므로 '#if/#elif'에 해당하는 '0'으로 바뀝니다.
C:\Program Files (x86)\Windows Kits\10\Include\10.0.22621.0\um\DirectXMath.h(281,111): warning C4668: '__aarch64__'은(는) 전처리기 매크로로 정의되어 있지 않으므로 '#if/#elif'에 해당하는 '0'으로 바뀝니다.
C:\GameGraphicProgramming\Source\Library\Game\Game.cpp(126,33): warning C4365: '초기화 중': 'LONG'에서 'UINT'(으)로의 변환입니다. signed 또는 unsigned가 일치하지 않습니다.
C:\GameGraphicProgramming\Source\Library\Game\Game.cpp(127,34): warning C4365: '초기화 중': 'LONG'에서 'UINT'(으)로의 변환입니다. signed 또는 unsigned가 일치하지 않습니다.
C:\GameGraphicProgramming\Source\Library\Game\Game.cpp(46): warning C4715: 'WindowProc': 모든 제어 경로에서 값을 반환하지는 않습니다.
C:\GameGraphicProgramming\Source\Library\Game\Game.cpp(239): warning C5045: 컴파일러는 /Qspectre 스위치가 지정된 경우 메모리 로드를 위해 스펙터 완화를 삽입합니다.
  C:\GameGraphicProgramming\Source\Library\Game\Game.cpp(238) : 참고: 이 줄에서 비교에 의해 검사된 인덱스 'hr' 범위
  C:\GameGraphicProgramming\Source\Library\Game\Game.cpp(239) : 참고: 이 줄에서 호출 피드
C:\GameGraphicProgramming\Source\Library\Game\Game.cpp(235): warning C5045: 컴파일러는 /Qspectre 스위치가 지정된 경우 메모리 로드를 위해 스펙터 완화를 삽입합니다.
  C:\GameGraphicProgramming\Source\Library\Game\Game.cpp(234) : 참고: 이 줄에서 비교에 의해 검사된 인덱스 'hr' 범위
  C:\GameGraphicProgramming\Source\Library\Game\Game.cpp(235) : 참고: 이 줄에서 호출 피드
C:\GameGraphicProgramming\Source\Library\Game\Game.cpp(230): warning C5045: 컴파일러는 /Qspectre 스위치가 지정된 경우 메모리 로드를 위해 스펙터 완화를 삽입합니다.
  C:\GameGraphicProgramming\Source\Library\Game\Game.cpp(229) : 참고: 이 줄에서 비교에 의해 검사된 인덱스 'hr' 범위
  C:\GameGraphicProgramming\Source\Library\Game\Game.cpp(230) : 참고: 이 줄에서 호출 피드
C:\GameGraphicProgramming\Source\Library\Game\Game.cpp(182): warning C5045: 컴파일러는 /Qspectre 스위치가 지정된 경우 메모리 로드를 위해 스펙터 완화를 삽입합니다.
  C:\GameGraphicProgramming\Source\Library\Game\Game.cpp(181) : 참고: 이 줄에서 비교에 의해 검사된 인덱스 'hr' 범위
  C:\GameGraphicProgramming\Source\Library\Game\Game.cpp(182) : 참고: 이 줄에서 호출 피드
C:\GameGraphicProgramming\Source\Library\Game\Game.cpp(165): warning C5045: 컴파일러는 /Qspectre 스위치가 지정된 경우 메모리 로드를 위해 스펙터 완화를 삽입합니다.
  C:\GameGraphicProgramming\Source\Library\Game\Game.cpp(164) : 참고: 이 줄에서 비교에 의해 검사된 인덱스 'hr' 범위
  C:\GameGraphicProgramming\Source\Library\Game\Game.cpp(165) : 참고: 이 줄에서 호출 피드
C:\GameGraphicProgramming\Source\Library\Game\Game.cpp(157): warning C5045: 컴파일러는 /Qspectre 스위치가 지정된 경우 메모리 로드를 위해 스펙터 완화를 삽입합니다.
  C:\GameGraphicProgramming\Source\Library\Game\Game.cpp(149) : 참고: 이 줄에서 비교에 의해 검사된 인덱스 'driverTypeIndex' 범위
  C:\GameGraphicProgramming\Source\Library\Game\Game.cpp(157) : 참고: 이 줄에서 호출 피드
C:\GameGraphicProgramming\Source\Library\Game\Game.cpp(152): warning C5045: 컴파일러는 /Qspectre 스위치가 지정된 경우 메모리 로드를 위해 스펙터 완화를 삽입합니다.
  C:\GameGraphicProgramming\Source\Library\Game\Game.cpp(149) : 참고: 이 줄에서 비교에 의해 검사된 인덱스 'driverTypeIndex' 범위
  C:\GameGraphicProgramming\Source\Library\Game\Game.cpp(152) : 참고: 이 줄에서 호출 피드
  Library.vcxproj -> C:\GameGraphicProgramming\Build\x64\Debug\Libraryd.lib
  하위 디렉터리 또는 파일 C:\GameGraphicProgramming\Build\..\Library\x64\Debug이(가) 이미 있습니다.
  C:\GameGraphicProgramming\Build\x64\Debug\Game.exe
  C:\GameGraphicProgramming\Build\x64\Debug\Game.pdb
  C:\GameGraphicProgramming\Build\x64\Debug\Libraryd.idb
  C:\GameGraphicProgramming\Build\x64\Debug\Libraryd.lib
  C:\GameGraphicProgramming\Build\x64\Debug\Libraryd.pdb
          5개 파일이 복사되었습니다.
